TN:
SF:/home/pronaya/go/src/github.com/lucas-clemente/quic-go/example/ppd/server/dash.js/src/streaming/StreamProcessor.js
FN:38,_interopRequireDefault
FN:98,StreamProcessor
FN:131,setup
FN:138,initialize
FN:198,registerExternalController
FN:202,unregisterExternalController
FN:210,getExternalControllers
FN:214,unregisterAllExternalController
FN:218,resetInitialSettings
FN:224,reset
FN:245,(anonymous_11)
FN:257,isUpdating
FN:261,onDataUpdateCompleted
FN:269,onBufferLevelUpdated
FN:277,addDVRMetric
FN:285,getType
FN:289,getRepresentationController
FN:293,getBuffer
FN:297,setBuffer
FN:301,getBufferController
FN:305,getFragmentModel
FN:309,getStreamInfo
FN:313,addInbandEvents
FN:319,selectMediaInfo
FN:356,addMediaInfo
FN:366,getMediaInfoArr
FN:370,getMediaInfo
FN:374,getMediaSource
FN:378,setMediaSource
FN:382,dischargePreBuffer
FN:386,getScheduleController
FN:395,getRepresentationInfo
FN:408,isBufferingCompleted
FN:412,getBufferLevel
FN:416,switchInitData
FN:423,createBuffer
FN:427,switchTrackAsked
FN:431,createBufferControllerForType
FN:472,setIndexHandlerTime
FN:478,getIndexHandlerTime
FN:482,resetIndexHandler
FN:488,getInitRequest
FN:496,getFragmentRequest
FNF:43
FNH:24
FNDA:14,_interopRequireDefault
FNDA:17,StreamProcessor
FNDA:17,setup
FNDA:11,initialize
FNDA:0,registerExternalController
FNDA:0,unregisterExternalController
FNDA:0,getExternalControllers
FNDA:27,unregisterAllExternalController
FNDA:27,resetInitialSettings
FNDA:10,reset
FNDA:0,(anonymous_11)
FNDA:5,isUpdating
FNDA:30,onDataUpdateCompleted
FNDA:7,onBufferLevelUpdated
FNDA:1,addDVRMetric
FNDA:121,getType
FNDA:0,getRepresentationController
FNDA:0,getBuffer
FNDA:0,setBuffer
FNDA:0,getBufferController
FNDA:21,getFragmentModel
FNDA:94,getStreamInfo
FNDA:0,addInbandEvents
FNDA:10,selectMediaInfo
FNDA:10,addMediaInfo
FNDA:0,getMediaInfoArr
FNDA:0,getMediaInfo
FNDA:0,getMediaSource
FNDA:0,setMediaSource
FNDA:0,dischargePreBuffer
FNDA:5,getScheduleController
FNDA:1,getRepresentationInfo
FNDA:0,isBufferingCompleted
FNDA:0,getBufferLevel
FNDA:0,switchInitData
FNDA:10,createBuffer
FNDA:0,switchTrackAsked
FNDA:11,createBufferControllerForType
FNDA:1,setIndexHandlerTime
FNDA:1,getIndexHandlerTime
FNDA:0,resetIndexHandler
FNDA:2,getInitRequest
FNDA:1,getFragmentRequest
DA:33,1
DA:38,14
DA:40,1
DA:42,1
DA:44,1
DA:46,1
DA:48,1
DA:50,1
DA:52,1
DA:54,1
DA:56,1
DA:58,1
DA:60,1
DA:62,1
DA:64,1
DA:66,1
DA:68,1
DA:70,1
DA:72,1
DA:74,1
DA:76,1
DA:78,1
DA:80,1
DA:82,1
DA:84,1
DA:86,1
DA:88,1
DA:90,1
DA:92,1
DA:94,1
DA:96,1
DA:98,1
DA:100,17
DA:101,17
DA:102,17
DA:104,17
DA:105,17
DA:106,17
DA:107,17
DA:108,17
DA:109,17
DA:110,17
DA:111,17
DA:112,17
DA:113,17
DA:114,17
DA:115,17
DA:116,17
DA:117,17
DA:118,17
DA:119,17
DA:121,17
DA:131,1
DA:132,17
DA:134,17
DA:135,17
DA:138,1
DA:139,11
DA:160,11
DA:161,11
DA:163,11
DA:164,11
DA:166,11
DA:167,11
DA:182,11
DA:194,11
DA:195,11
DA:198,1
DA:199,0
DA:202,1
DA:203,0
DA:205,0
DA:206,0
DA:210,1
DA:211,0
DA:214,1
DA:215,27
DA:218,1
DA:219,27
DA:220,27
DA:221,27
DA:224,1
DA:225,10
DA:227,10
DA:228,10
DA:229,10
DA:232,10
DA:233,10
DA:234,10
DA:237,10
DA:238,10
DA:239,10
DA:242,10
DA:243,10
DA:245,10
DA:246,0
DA:249,10
DA:250,10
DA:252,10
DA:253,10
DA:254,10
DA:257,1
DA:258,5
DA:261,1
DA:262,30
DA:263,30
DA:264,30
DA:266,0
DA:269,1
DA:270,7
DA:271,1
DA:272,1
DA:273,1
DA:277,1
DA:278,1
DA:279,1
DA:280,1
DA:281,1
DA:282,1
DA:285,1
DA:286,121
DA:289,1
DA:290,0
DA:293,1
DA:294,0
DA:297,1
DA:298,0
DA:301,1
DA:302,0
DA:305,1
DA:306,21
DA:309,1
DA:310,94
DA:313,1
DA:314,0
DA:315,0
DA:319,1
DA:320,10
DA:321,10
DA:324,10
DA:325,10
DA:326,10
DA:328,10
DA:329,10
DA:330,10
DA:331,10
DA:333,10
DA:335,10
DA:337,10
DA:338,10
DA:339,10
DA:340,10
DA:342,0
DA:345,10
DA:346,0
DA:348,10
DA:349,0
DA:351,10
DA:352,10
DA:356,1
DA:357,10
DA:358,10
DA:361,10
DA:362,10
DA:366,1
DA:367,0
DA:370,1
DA:371,0
DA:374,1
DA:375,0
DA:378,1
DA:379,0
DA:382,1
DA:383,0
DA:386,1
DA:387,5
DA:395,1
DA:396,1
DA:398,1
DA:399,1
DA:400,0
DA:402,0
DA:405,0
DA:408,1
DA:409,0
DA:412,1
DA:413,0
DA:416,1
DA:417,0
DA:418,0
DA:419,0
DA:423,1
DA:424,10
DA:427,1
DA:428,0
DA:431,1
DA:432,11
DA:434,11
DA:435,1
DA:451,10
DA:469,11
DA:472,1
DA:473,1
DA:474,0
DA:478,1
DA:479,1
DA:482,1
DA:483,0
DA:484,0
DA:488,1
DA:489,2
DA:491,1
DA:493,1
DA:496,1
DA:497,1
DA:499,1
DA:500,0
DA:504,0
DA:505,0
DA:507,0
DA:511,1
DA:514,17
DA:551,17
DA:553,17
DA:555,1
DA:556,1
DA:557,1
LF:227
LH:190
BRDA:38,1,0,0
BRDA:38,1,1,14
BRDA:38,2,0,14
BRDA:38,2,1,14
BRDA:100,3,0,17
BRDA:100,3,1,0
BRDA:189,4,0,1
BRDA:189,4,1,10
BRDA:205,5,0,0
BRDA:205,5,1,0
BRDA:227,6,0,10
BRDA:227,6,1,0
BRDA:232,7,0,10
BRDA:232,7,1,0
BRDA:237,8,0,10
BRDA:237,8,1,0
BRDA:242,9,0,10
BRDA:242,9,1,0
BRDA:258,10,0,5
BRDA:258,10,1,0
BRDA:263,11,0,0
BRDA:263,11,1,30
BRDA:264,12,0,30
BRDA:264,12,1,0
BRDA:264,13,0,30
BRDA:264,13,1,30
BRDA:264,13,2,30
BRDA:264,13,3,0
BRDA:270,14,0,6
BRDA:270,14,1,1
BRDA:272,15,0,1
BRDA:272,15,1,0
BRDA:279,16,0,1
BRDA:279,16,1,0
BRDA:280,17,0,0
BRDA:280,17,1,1
BRDA:310,18,0,94
BRDA:310,18,1,0
BRDA:314,19,0,0
BRDA:314,19,1,0
BRDA:320,20,0,10
BRDA:320,20,1,0
BRDA:320,21,0,10
BRDA:320,21,1,10
BRDA:320,21,2,0
BRDA:320,21,3,0
BRDA:328,22,0,10
BRDA:328,22,1,0
BRDA:330,23,0,0
BRDA:330,23,1,10
BRDA:337,24,0,10
BRDA:337,24,1,0
BRDA:337,25,0,10
BRDA:337,25,1,0
BRDA:337,25,2,10
BRDA:339,26,0,10
BRDA:339,26,1,10
BRDA:345,27,0,0
BRDA:345,27,1,10
BRDA:345,28,0,10
BRDA:345,28,1,0
BRDA:348,29,0,0
BRDA:348,29,1,10
BRDA:351,30,0,0
BRDA:351,30,1,10
BRDA:357,31,0,10
BRDA:357,31,1,0
BRDA:361,32,0,10
BRDA:361,32,1,0
BRDA:398,33,0,1
BRDA:398,33,1,0
BRDA:400,34,0,0
BRDA:400,34,1,0
BRDA:402,35,0,0
BRDA:402,35,1,0
BRDA:409,36,0,0
BRDA:409,36,1,0
BRDA:413,37,0,0
BRDA:413,37,1,0
BRDA:417,38,0,0
BRDA:417,38,1,0
BRDA:419,39,0,0
BRDA:419,39,1,0
BRDA:424,40,0,10
BRDA:424,40,1,10
BRDA:434,41,0,1
BRDA:434,41,1,10
BRDA:434,42,0,11
BRDA:434,42,1,10
BRDA:473,43,0,0
BRDA:473,43,1,1
BRDA:479,44,0,0
BRDA:479,44,1,1
BRDA:483,45,0,0
BRDA:483,45,1,0
BRDA:491,46,0,0
BRDA:491,46,1,1
BRDA:493,47,0,0
BRDA:493,47,1,1
BRDA:499,48,0,0
BRDA:499,48,1,1
BRDA:500,49,0,0
BRDA:500,49,1,0
BRDA:500,50,0,0
BRDA:500,50,1,0
BRDA:504,51,0,0
BRDA:504,51,1,0
BRDA:504,52,0,0
BRDA:504,52,1,0
BRF:109
BRH:51
end_of_record
TN:
SF:/home/pronaya/go/src/github.com/lucas-clemente/quic-go/example/ppd/server/dash.js/src/streaming/constants/Constants.js
FN:45,(anonymous_1)
FN:45,defineProperties
FN:45,(anonymous_3)
FN:49,_classCallCheck
FN:51,(anonymous_5)
FN:54,init
FN:203,Constants
FNF:7
FNH:7
FNDA:1,(anonymous_1)
FNDA:1,defineProperties
FNDA:1,(anonymous_3)
FNDA:1,_classCallCheck
FNDA:1,(anonymous_5)
FNDA:1,init
FNDA:1,Constants
DA:40,1
DA:45,1
DA:49,1
DA:51,1
DA:52,1
DA:60,1
DA:67,1
DA:74,1
DA:81,1
DA:88,1
DA:95,1
DA:102,1
DA:109,1
DA:116,1
DA:123,1
DA:130,1
DA:137,1
DA:144,1
DA:151,1
DA:158,1
DA:165,1
DA:172,1
DA:179,1
DA:186,1
DA:187,1
DA:188,1
DA:189,1
DA:190,1
DA:191,1
DA:192,1
DA:193,1
DA:194,1
DA:195,1
DA:196,1
DA:197,1
DA:198,1
DA:199,1
DA:203,1
DA:204,1
DA:206,1
DA:209,1
DA:212,1
DA:213,1
DA:214,1
LF:44
LH:44
BRDA:45,1,0,1
BRDA:45,1,1,1
BRDA:45,2,0,1
BRDA:45,2,1,0
BRDA:45,3,0,1
BRDA:45,3,1,0
BRDA:45,4,0,0
BRDA:45,4,1,1
BRDA:49,5,0,0
BRDA:49,5,1,1
BRF:10
BRH:10
end_of_record
TN:
SF:/home/pronaya/go/src/github.com/lucas-clemente/quic-go/example/ppd/server/dash.js/src/dash/constants/DashConstants.js
FN:44,(anonymous_1)
FN:44,defineProperties
FN:44,(anonymous_3)
FN:48,_classCallCheck
FN:50,(anonymous_5)
FN:53,init
FN:150,DashConstants
FNF:7
FNH:7
FNDA:1,(anonymous_1)
FNDA:1,defineProperties
FNDA:1,(anonymous_3)
FNDA:1,_classCallCheck
FNDA:1,(anonymous_5)
FNDA:1,init
FNDA:1,DashConstants
DA:39,1
DA:44,1
DA:48,1
DA:50,1
DA:51,1
DA:54,1
DA:55,1
DA:56,1
DA:57,1
DA:58,1
DA:59,1
DA:60,1
DA:61,1
DA:62,1
DA:63,1
DA:64,1
DA:65,1
DA:66,1
DA:67,1
DA:68,1
DA:69,1
DA:70,1
DA:71,1
DA:72,1
DA:73,1
DA:74,1
DA:75,1
DA:76,1
DA:77,1
DA:78,1
DA:79,1
DA:80,1
DA:81,1
DA:82,1
DA:83,1
DA:84,1
DA:85,1
DA:86,1
DA:87,1
DA:88,1
DA:89,1
DA:90,1
DA:91,1
DA:92,1
DA:93,1
DA:94,1
DA:95,1
DA:96,1
DA:97,1
DA:98,1
DA:99,1
DA:100,1
DA:101,1
DA:102,1
DA:103,1
DA:104,1
DA:105,1
DA:106,1
DA:107,1
DA:108,1
DA:109,1
DA:110,1
DA:111,1
DA:112,1
DA:113,1
DA:114,1
DA:115,1
DA:116,1
DA:117,1
DA:118,1
DA:119,1
DA:120,1
DA:121,1
DA:122,1
DA:123,1
DA:124,1
DA:125,1
DA:126,1
DA:127,1
DA:128,1
DA:129,1
DA:130,1
DA:131,1
DA:132,1
DA:133,1
DA:134,1
DA:135,1
DA:136,1
DA:137,1
DA:138,1
DA:139,1
DA:140,1
DA:141,1
DA:142,1
DA:143,1
DA:144,1
DA:145,1
DA:146,1
DA:150,1
DA:151,1
DA:153,1
DA:156,1
DA:159,1
DA:160,1
DA:161,1
LF:105
LH:105
BRDA:44,1,0,1
BRDA:44,1,1,1
BRDA:44,2,0,1
BRDA:44,2,1,0
BRDA:44,3,0,1
BRDA:44,3,1,0
BRDA:44,4,0,0
BRDA:44,4,1,1
BRDA:48,5,0,0
BRDA:48,5,1,1
BRF:10
BRH:10
end_of_record
TN:
SF:/home/pronaya/go/src/github.com/lucas-clemente/quic-go/example/ppd/server/dash.js/src/streaming/controllers/BufferController.js
FN:38,_interopRequireDefault
FN:109,BufferController
FN:149,setup
FN:156,getBufferControllerType
FN:160,initialize
FN:182,createBuffer
FN:205,dischargePreBuffer
FN:238,isActive
FN:242,onInitFragmentLoaded
FN:250,switchInitData
FN:261,onMediaFragmentLoaded
FN:300,appendToBuffer
FN:308,showBufferRanges
FN:316,onAppended
FN:374,onQualityChanged
FN:384,onPlaybackSeeking
FN:399,onPlaybackSeeked
FN:404,pruneAllSafely
FN:405,(anonymous_19)
FN:415,getAllRangesWithSafetyFactor
FN:479,getWorkingTime
FN:493,onPlaybackProgression
FN:500,onPlaybackStalled
FN:504,onPlaybackPlaying
FN:511,getRangeAt
FN:560,getBufferLength
FN:575,updateBufferLevel
FN:583,addBufferMetrics
FN:589,checkIfBufferingCompleted
FN:598,checkIfSufficientBuffer
FN:621,notifyBufferStateChanged
FN:635,handleInbandEvents
FN:661,pruneBuffer
FN:671,getClearRanges
FN:726,clearBuffers
FN:737,clearNextRange
FN:773,onRemoved
FN:808,updateBufferTimestampOffset
FN:816,onDataUpdateCompleted
FN:821,onStreamCompleted
FN:827,onCurrentTrackChanged
FN:840,onWallclockTimeUpdated
FN:849,onPlaybackRateChanged
FN:853,getType
FN:857,getStreamProcessor
FN:861,setSeekStartTime
FN:865,getBuffer
FN:869,setBuffer
FN:873,getBufferLevel
FN:877,setMediaSource
FN:888,getMediaSource
FN:892,getIsBufferingCompleted
FN:896,getIsPruningInProgress
FN:900,getTotalBufferedTime
FN:915,hasEnoughSpaceToAppend
FN:920,resetInitialSettings
FN:946,reset
FNF:57
FNH:33
FNDA:15,_interopRequireDefault
FNDA:26,BufferController
FNDA:26,setup
FNDA:1,getBufferControllerType
FNDA:22,initialize
FNDA:21,createBuffer
FNDA:0,dischargePreBuffer
FNDA:2,isActive
FNDA:3,onInitFragmentLoaded
FNDA:2,switchInitData
FNDA:3,onMediaFragmentLoaded
FNDA:5,appendToBuffer
FNDA:0,showBufferRanges
FNDA:0,onAppended
FNDA:4,onQualityChanged
FNDA:1,onPlaybackSeeking
FNDA:0,onPlaybackSeeked
FNDA:1,pruneAllSafely
FNDA:1,(anonymous_19)
FNDA:1,getAllRangesWithSafetyFactor
FNDA:1,getWorkingTime
FNDA:1,onPlaybackProgression
FNDA:0,onPlaybackStalled
FNDA:0,onPlaybackPlaying
FNDA:5,getRangeAt
FNDA:1,getBufferLength
FNDA:1,updateBufferLevel
FNDA:2,addBufferMetrics
FNDA:0,checkIfBufferingCompleted
FNDA:1,checkIfSufficientBuffer
FNDA:1,notifyBufferStateChanged
FNDA:0,handleInbandEvents
FNDA:0,pruneBuffer
FNDA:0,getClearRanges
FNDA:1,clearBuffers
FNDA:0,clearNextRange
FNDA:0,onRemoved
FNDA:21,updateBufferTimestampOffset
FNDA:0,onDataUpdateCompleted
FNDA:0,onStreamCompleted
FNDA:0,onCurrentTrackChanged
FNDA:0,onWallclockTimeUpdated
FNDA:0,onPlaybackRateChanged
FNDA:7,getType
FNDA:1,getStreamProcessor
FNDA:0,setSeekStartTime
FNDA:7,getBuffer
FNDA:0,setBuffer
FNDA:0,getBufferLevel
FNDA:23,setMediaSource
FNDA:1,getMediaSource
FNDA:0,getIsBufferingCompleted
FNDA:0,getIsPruningInProgress
FNDA:0,getTotalBufferedTime
FNDA:0,hasEnoughSpaceToAppend
FNDA:51,resetInitialSettings
FNDA:25,reset
DA:33,1
DA:38,15
DA:40,1
DA:42,1
DA:44,1
DA:46,1
DA:48,1
DA:50,1
DA:52,1
DA:54,1
DA:56,1
DA:58,1
DA:60,1
DA:62,1
DA:64,1
DA:66,1
DA:68,1
DA:70,1
DA:72,1
DA:74,1
DA:76,1
DA:78,1
DA:80,1
DA:82,1
DA:84,1
DA:86,1
DA:88,1
DA:90,1
DA:92,1
DA:94,1
DA:96,1
DA:98,1
DA:100,1
DA:102,1
DA:103,1
DA:104,1
DA:105,1
DA:107,1
DA:109,1
DA:111,26
DA:112,26
DA:113,26
DA:114,26
DA:115,26
DA:116,26
DA:117,26
DA:118,26
DA:119,26
DA:120,26
DA:121,26
DA:122,26
DA:123,26
DA:124,26
DA:126,26
DA:149,1
DA:150,26
DA:151,26
DA:153,26
DA:156,1
DA:157,1
DA:160,1
DA:161,22
DA:163,22
DA:165,22
DA:166,22
DA:167,22
DA:168,22
DA:169,22
DA:170,22
DA:171,22
DA:172,22
DA:173,22
DA:174,22
DA:175,22
DA:176,22
DA:177,22
DA:178,22
DA:179,22
DA:182,1
DA:183,21
DA:184,20
DA:185,19
DA:186,19
DA:187,0
DA:189,19
DA:191,19
DA:192,0
DA:195,0
DA:196,0
DA:199,1
DA:201,20
DA:202,20
DA:205,1
DA:206,0
DA:207,0
DA:209,0
DA:210,0
DA:211,0
DA:212,0
DA:214,0
DA:216,0
DA:219,0
DA:220,0
DA:221,0
DA:222,0
DA:223,0
DA:224,0
DA:225,0
DA:226,0
DA:227,0
DA:229,0
DA:233,0
DA:234,0
DA:238,1
DA:239,2
DA:242,1
DA:243,3
DA:244,2
DA:245,2
DA:246,2
DA:247,2
DA:250,1
DA:251,2
DA:252,2
DA:253,2
DA:254,1
DA:255,1
DA:257,1
DA:261,1
DA:262,3
DA:264,2
DA:265,2
DA:266,2
DA:267,2
DA:268,2
DA:269,2
DA:270,2
DA:271,2
DA:273,2
DA:274,0
DA:280,0
DA:281,0
DA:284,2
DA:285,0
DA:286,0
DA:287,0
DA:288,0
DA:289,0
DA:296,2
DA:300,1
DA:301,5
DA:303,5
DA:304,4
DA:308,1
DA:309,0
DA:310,0
DA:311,0
DA:316,1
DA:317,0
DA:318,0
DA:319,0
DA:320,0
DA:321,0
DA:323,0
DA:325,0
DA:326,0
DA:327,0
DA:329,0
DA:332,0
DA:333,0
DA:334,0
DA:335,0
DA:337,0
DA:339,0
DA:341,0
DA:342,0
DA:343,0
DA:344,0
DA:347,0
DA:348,0
DA:349,0
DA:350,0
DA:352,0
DA:353,0
DA:354,0
DA:355,0
DA:356,0
DA:360,0
DA:367,0
DA:368,0
DA:369,0
DA:370,0
DA:374,1
DA:375,4
DA:377,1
DA:378,1
DA:384,1
DA:385,1
DA:386,0
DA:387,0
DA:389,0
DA:391,1
DA:393,1
DA:395,0
DA:399,1
DA:400,0
DA:404,1
DA:405,1
DA:406,1
DA:407,1
DA:408,1
DA:410,1
DA:415,1
DA:416,1
DA:417,1
DA:418,1
DA:419,1
DA:422,0
DA:423,0
DA:425,0
DA:432,0
DA:433,0
DA:434,0
DA:441,0
DA:445,0
DA:450,0
DA:451,0
DA:453,0
DA:454,0
DA:459,0
DA:463,0
DA:468,0
DA:469,0
DA:471,0
DA:472,0
DA:476,0
DA:479,1
DA:481,1
DA:483,1
DA:485,0
DA:486,0
DA:487,0
DA:490,1
DA:493,1
DA:494,1
DA:495,1
DA:496,1
DA:500,1
DA:501,0
DA:504,1
DA:505,0
DA:506,0
DA:508,0
DA:511,1
DA:512,5
DA:513,5
DA:514,5
DA:515,5
DA:516,5
DA:517,5
DA:518,5
DA:521,5
DA:523,5
DA:524,5
DA:525,15
DA:526,15
DA:527,15
DA:528,14
DA:529,14
DA:531,2
DA:532,2
DA:533,12
DA:535,1
DA:536,1
DA:539,1
DA:540,1
DA:542,1
DA:544,0
DA:549,5
DA:550,3
DA:557,2
DA:560,1
DA:561,1
DA:564,1
DA:566,1
DA:567,1
DA:569,0
DA:572,1
DA:575,1
DA:576,1
DA:577,1
DA:578,1
DA:579,1
DA:583,1
DA:584,2
DA:585,2
DA:586,2
DA:589,1
DA:590,0
DA:591,0
DA:592,0
DA:593,0
DA:594,0
DA:598,1
DA:600,1
DA:602,1
DA:603,0
DA:604,0
DA:605,0
DA:606,0
DA:612,1
DA:613,1
DA:615,0
DA:616,0
DA:621,1
DA:622,1
DA:624,0
DA:627,1
DA:628,1
DA:630,1
DA:631,1
DA:632,1
DA:635,1
DA:636,0
DA:637,0
DA:638,0
DA:641,0
DA:642,0
DA:643,0
DA:646,0
DA:647,0
DA:649,0
DA:650,0
DA:652,0
DA:653,0
DA:657,0
DA:661,1
DA:662,0
DA:663,0
DA:666,0
DA:667,0
DA:671,1
DA:672,0
DA:673,0
DA:674,0
DA:675,0
DA:678,0
DA:679,0
DA:684,0
DA:691,0
DA:692,0
DA:693,0
DA:694,0
DA:696,0
DA:699,0
DA:700,0
DA:704,0
DA:705,0
DA:707,0
DA:708,0
DA:712,0
DA:713,0
DA:718,0
DA:719,0
DA:723,0
DA:726,1
DA:727,1
DA:729,0
DA:730,0
DA:731,0
DA:734,0
DA:737,1
DA:739,0
DA:740,0
DA:741,0
DA:742,0
DA:743,0
DA:746,0
DA:748,0
DA:749,0
DA:750,0
DA:751,0
DA:752,0
DA:755,0
DA:756,0
DA:757,0
DA:760,0
DA:761,0
DA:762,0
DA:763,0
DA:764,0
DA:765,0
DA:766,0
DA:770,0
DA:773,1
DA:774,0
DA:776,0
DA:778,0
DA:779,0
DA:781,0
DA:782,0
DA:785,0
DA:786,0
DA:787,0
DA:790,0
DA:791,0
DA:793,0
DA:794,0
DA:795,0
DA:796,0
DA:798,0
DA:799,0
DA:800,0
DA:803,0
DA:808,1
DA:811,21
DA:812,21
DA:816,1
DA:817,0
DA:818,0
DA:821,1
DA:822,0
DA:823,0
DA:824,0
DA:827,1
DA:828,0
DA:829,0
DA:831,0
DA:832,0
DA:833,0
DA:834,0
DA:835,0
DA:840,1
DA:841,0
DA:842,0
DA:843,0
DA:844,0
DA:845,0
DA:849,1
DA:850,0
DA:853,1
DA:854,7
DA:857,1
DA:858,1
DA:861,1
DA:862,0
DA:865,1
DA:866,7
DA:869,1
DA:870,0
DA:873,1
DA:874,0
DA:877,1
DA:878,23
DA:879,23
DA:881,0
DA:882,0
DA:883,0
DA:888,1
DA:889,1
DA:892,1
DA:893,0
DA:896,1
DA:897,0
DA:900,1
DA:901,0
DA:902,0
DA:903,0
DA:906,0
DA:908,0
DA:909,0
DA:912,0
DA:915,1
DA:916,0
DA:917,0
DA:920,1
DA:921,51
DA:922,51
DA:923,51
DA:924,51
DA:925,51
DA:926,51
DA:927,51
DA:928,51
DA:929,51
DA:930,51
DA:931,51
DA:932,51
DA:933,51
DA:935,51
DA:936,20
DA:937,20
DA:939,20
DA:940,20
DA:943,51
DA:946,1
DA:947,25
DA:948,25
DA:949,25
DA:950,25
DA:951,25
DA:952,25
DA:953,25
DA:954,25
DA:955,25
DA:956,25
DA:957,25
DA:958,25
DA:959,25
DA:960,25
DA:961,25
DA:963,25
DA:966,26
DA:986,26
DA:987,26
DA:990,1
DA:991,1
DA:992,1
LF:518
LH:284
BRDA:38,1,0,0
BRDA:38,1,1,15
BRDA:38,2,0,15
BRDA:38,2,1,15
BRDA:111,3,0,26
BRDA:111,3,1,0
BRDA:183,4,0,1
BRDA:183,4,1,20
BRDA:183,5,0,21
BRDA:183,5,1,21
BRDA:183,5,2,20
BRDA:184,6,0,19
BRDA:184,6,1,1
BRDA:186,7,0,0
BRDA:186,7,1,19
BRDA:186,8,0,19
BRDA:186,8,1,0
BRDA:191,9,0,0
BRDA:191,9,1,19
BRDA:206,10,0,0
BRDA:206,10,1,0
BRDA:206,11,0,0
BRDA:206,11,1,0
BRDA:206,11,2,0
BRDA:209,12,0,0
BRDA:209,12,1,0
BRDA:224,13,0,0
BRDA:224,13,1,0
BRDA:225,14,0,0
BRDA:225,14,1,0
BRDA:239,15,0,2
BRDA:239,15,1,2
BRDA:239,15,2,2
BRDA:243,16,0,1
BRDA:243,16,1,2
BRDA:252,17,0,0
BRDA:252,17,1,2
BRDA:253,18,0,1
BRDA:253,18,1,1
BRDA:262,19,0,1
BRDA:262,19,1,2
BRDA:269,20,0,2
BRDA:269,20,1,0
BRDA:269,21,0,2
BRDA:269,21,1,2
BRDA:273,22,0,0
BRDA:273,22,1,2
BRDA:273,23,0,2
BRDA:273,23,1,2
BRDA:273,23,2,2
BRDA:273,23,3,2
BRDA:284,24,0,0
BRDA:284,24,1,2
BRDA:286,25,0,0
BRDA:286,25,1,0
BRDA:287,26,0,0
BRDA:287,26,1,0
BRDA:287,27,0,0
BRDA:287,27,1,0
BRDA:287,27,2,0
BRDA:303,28,0,4
BRDA:303,28,1,1
BRDA:309,29,0,0
BRDA:309,29,1,0
BRDA:309,30,0,0
BRDA:309,30,1,0
BRDA:317,31,0,0
BRDA:317,31,1,0
BRDA:318,32,0,0
BRDA:318,32,1,0
BRDA:323,33,0,0
BRDA:323,33,1,0
BRDA:332,34,0,0
BRDA:332,34,1,0
BRDA:332,35,0,0
BRDA:332,35,1,0
BRDA:342,36,0,0
BRDA:342,36,1,0
BRDA:342,37,0,0
BRDA:342,37,1,0
BRDA:348,38,0,0
BRDA:348,38,1,0
BRDA:352,39,0,0
BRDA:352,39,1,0
BRDA:367,40,0,0
BRDA:367,40,1,0
BRDA:367,41,0,0
BRDA:367,41,1,0
BRDA:369,42,0,0
BRDA:369,42,1,0
BRDA:375,43,0,3
BRDA:375,43,1,1
BRDA:375,44,0,4
BRDA:375,44,1,3
BRDA:375,44,2,2
BRDA:385,45,0,0
BRDA:385,45,1,1
BRDA:391,46,0,1
BRDA:391,46,1,0
BRDA:407,47,0,1
BRDA:407,47,1,0
BRDA:407,48,0,1
BRDA:407,48,1,1
BRDA:418,49,0,1
BRDA:418,49,1,0
BRDA:418,50,0,1
BRDA:418,50,1,1
BRDA:432,51,0,0
BRDA:432,51,1,0
BRDA:450,52,0,0
BRDA:450,52,1,0
BRDA:450,53,0,0
BRDA:450,53,1,0
BRDA:453,54,0,0
BRDA:453,54,1,0
BRDA:453,55,0,0
BRDA:453,55,1,0
BRDA:468,56,0,0
BRDA:468,56,1,0
BRDA:468,57,0,0
BRDA:468,57,1,0
BRDA:471,58,0,0
BRDA:471,58,1,0
BRDA:471,59,0,0
BRDA:471,59,1,0
BRDA:483,60,0,0
BRDA:483,60,1,1
BRDA:486,61,0,0
BRDA:486,61,1,0
BRDA:486,62,0,0
BRDA:486,62,1,0
BRDA:494,63,0,1
BRDA:494,63,1,0
BRDA:494,64,0,1
BRDA:494,64,1,0
BRDA:494,64,2,0
BRDA:505,65,0,0
BRDA:505,65,1,0
BRDA:521,66,0,5
BRDA:521,66,1,5
BRDA:523,67,0,5
BRDA:523,67,1,0
BRDA:523,68,0,5
BRDA:523,68,1,5
BRDA:527,69,0,14
BRDA:527,69,1,1
BRDA:529,70,0,2
BRDA:529,70,1,12
BRDA:529,71,0,14
BRDA:529,71,1,12
BRDA:533,72,0,1
BRDA:533,72,1,11
BRDA:540,73,0,1
BRDA:540,73,1,0
BRDA:549,74,0,3
BRDA:549,74,1,2
BRDA:566,75,0,1
BRDA:566,75,1,0
BRDA:576,76,0,1
BRDA:576,76,1,0
BRDA:577,77,0,1
BRDA:577,77,1,1
BRDA:584,78,0,0
BRDA:584,78,1,2
BRDA:591,79,0,0
BRDA:591,79,1,0
BRDA:591,80,0,0
BRDA:591,80,1,0
BRDA:591,80,2,0
BRDA:600,81,0,0
BRDA:600,81,1,1
BRDA:600,82,0,1
BRDA:600,82,1,1
BRDA:602,83,0,0
BRDA:602,83,1,1
BRDA:602,84,0,1
BRDA:602,84,1,0
BRDA:602,84,2,0
BRDA:602,84,3,0
BRDA:602,84,4,0
BRDA:612,85,0,1
BRDA:612,85,1,0
BRDA:612,86,0,1
BRDA:612,86,1,1
BRDA:612,86,2,0
BRDA:612,86,3,1
BRDA:615,87,0,0
BRDA:615,87,1,0
BRDA:615,88,0,0
BRDA:615,88,1,0
BRDA:622,89,0,0
BRDA:622,89,1,1
BRDA:622,90,0,1
BRDA:622,90,1,1
BRDA:622,90,2,1
BRDA:622,90,3,1
BRDA:622,90,4,0
BRDA:631,91,0,0
BRDA:631,91,1,1
BRDA:632,92,0,0
BRDA:632,92,1,1
BRDA:636,93,0,0
BRDA:636,93,1,0
BRDA:636,94,0,0
BRDA:636,94,1,0
BRDA:652,95,0,0
BRDA:652,95,1,0
BRDA:662,96,0,0
BRDA:662,96,1,0
BRDA:662,97,0,0
BRDA:662,97,1,0
BRDA:666,98,0,0
BRDA:666,98,1,0
BRDA:674,99,0,0
BRDA:674,99,1,0
BRDA:674,100,0,0
BRDA:674,100,1,0
BRDA:691,101,0,0
BRDA:691,101,1,0
BRDA:694,102,0,0
BRDA:694,102,1,0
BRDA:694,103,0,0
BRDA:694,103,1,0
BRDA:699,104,0,0
BRDA:699,104,1,0
BRDA:704,105,0,0
BRDA:704,105,1,0
BRDA:707,106,0,0
BRDA:707,106,1,0
BRDA:712,107,0,0
BRDA:712,107,1,0
BRDA:718,108,0,0
BRDA:718,108,1,0
BRDA:727,109,0,1
BRDA:727,109,1,0
BRDA:727,110,0,1
BRDA:727,110,1,1
BRDA:727,110,2,1
BRDA:730,111,0,0
BRDA:730,111,1,0
BRDA:739,112,0,0
BRDA:739,112,1,0
BRDA:739,113,0,0
BRDA:739,113,1,0
BRDA:748,114,0,0
BRDA:748,114,1,0
BRDA:748,115,0,0
BRDA:748,115,1,0
BRDA:748,115,2,0
BRDA:761,116,0,0
BRDA:761,116,1,0
BRDA:764,117,0,0
BRDA:764,117,1,0
BRDA:774,118,0,0
BRDA:774,118,1,0
BRDA:781,119,0,0
BRDA:781,119,1,0
BRDA:785,120,0,0
BRDA:785,120,1,0
BRDA:790,121,0,0
BRDA:790,121,1,0
BRDA:793,122,0,0
BRDA:793,122,1,0
BRDA:799,123,0,0
BRDA:799,123,1,0
BRDA:811,124,0,21
BRDA:811,124,1,0
BRDA:811,125,0,21
BRDA:811,125,1,21
BRDA:817,126,0,0
BRDA:817,126,1,0
BRDA:817,127,0,0
BRDA:817,127,1,0
BRDA:817,127,2,0
BRDA:822,128,0,0
BRDA:822,128,1,0
BRDA:828,129,0,0
BRDA:828,129,1,0
BRDA:829,130,0,0
BRDA:829,130,1,0
BRDA:829,131,0,0
BRDA:829,131,1,0
BRDA:829,131,2,0
BRDA:832,132,0,0
BRDA:832,132,1,0
BRDA:833,133,0,0
BRDA:833,133,1,0
BRDA:833,134,0,0
BRDA:833,134,1,0
BRDA:833,134,2,0
BRDA:843,135,0,0
BRDA:843,135,1,0
BRDA:879,136,0,0
BRDA:879,136,1,23
BRDA:879,137,0,23
BRDA:879,137,1,0
BRDA:881,138,0,0
BRDA:881,138,1,0
BRDA:906,139,0,0
BRDA:906,139,1,0
BRDA:935,140,0,20
BRDA:935,140,1,31
BRDA:936,141,0,20
BRDA:936,141,1,0
BRF:304
BRH:101
end_of_record
TN:
SF:/home/pronaya/go/src/github.com/lucas-clemente/quic-go/example/ppd/server/dash.js/src/streaming/constants/MetricsConstants.js
FN:44,(anonymous_1)
FN:44,defineProperties
FN:44,(anonymous_3)
FN:48,_classCallCheck
FN:50,(anonymous_5)
FN:53,init
FN:75,MetricsConstants
FNF:7
FNH:7
FNDA:1,(anonymous_1)
FNDA:1,defineProperties
FNDA:1,(anonymous_3)
FNDA:1,_classCallCheck
FNDA:1,(anonymous_5)
FNDA:1,init
FNDA:1,MetricsConstants
DA:39,1
DA:44,1
DA:48,1
DA:50,1
DA:51,1
DA:54,1
DA:55,1
DA:56,1
DA:57,1
DA:58,1
DA:59,1
DA:60,1
DA:61,1
DA:62,1
DA:63,1
DA:64,1
DA:65,1
DA:66,1
DA:67,1
DA:68,1
DA:69,1
DA:70,1
DA:71,1
DA:75,1
DA:76,1
DA:78,1
DA:81,1
DA:84,1
DA:85,1
DA:86,1
LF:30
LH:30
BRDA:44,1,0,1
BRDA:44,1,1,1
BRDA:44,2,0,1
BRDA:44,2,1,0
BRDA:44,3,0,1
BRDA:44,3,1,0
BRDA:44,4,0,0
BRDA:44,4,1,1
BRDA:48,5,0,0
BRDA:48,5,1,1
BRF:10
BRH:10
end_of_record
TN:
SF:/home/pronaya/go/src/github.com/lucas-clemente/quic-go/example/ppd/server/dash.js/src/streaming/models/FragmentModel.js
FN:39,_interopRequireDefault
FN:54,FragmentModel
FN:69,setup
FN:77,setStreamProcessor
FN:81,getStreamProcessor
FN:85,isFragmentLoaded
FN:86,isEqualComplete
FN:90,isEqualMedia
FN:94,isEqualInit
FN:98,check
FN:101,(anonymous_11)
FN:117,isFragmentLoadedOrPending
FN:151,getRequests
FN:155,(anonymous_14)
FN:163,getRequestThreshold
FN:167,removeExecutedRequestsBeforeTime
FN:168,(anonymous_17)
FN:174,removeExecutedRequestsAfterTime
FN:175,(anonymous_19)
FN:180,removeExecutedRequestsInTimeRange
FN:185,(anonymous_21)
FN:192,syncExecutedRequestsWithBufferedRange
FN:208,abortRequests
FN:213,executeRequest
FN:234,loadCurrentFragment
FN:242,getRequestForTime
FN:257,filterRequests
FN:263,(anonymous_28)
FN:273,getRequestsForState
FN:288,addSchedulingInfoMetrics
FN:293,onLoadingCompleted
FN:312,onLoadingInProgress
FN:323,onLoadingAborted
FN:329,resetInitialSettings
FN:334,reset
FN:345,addExecutedRequest
FNF:36
FNH:21
FNDA:2,_interopRequireDefault
FNDA:11,FragmentModel
FNDA:11,setup
FNDA:10,setStreamProcessor
FNDA:0,getStreamProcessor
FNDA:2,isFragmentLoaded
FNDA:0,isEqualComplete
FNDA:0,isEqualMedia
FNDA:0,isEqualInit
FNDA:0,check
FNDA:0,(anonymous_11)
FNDA:0,isFragmentLoadedOrPending
FNDA:23,getRequests
FNDA:22,(anonymous_14)
FNDA:4,getRequestThreshold
FNDA:12,removeExecutedRequestsBeforeTime
FNDA:4,(anonymous_17)
FNDA:0,removeExecutedRequestsAfterTime
FNDA:0,(anonymous_19)
FNDA:0,removeExecutedRequestsInTimeRange
FNDA:0,(anonymous_21)
FNDA:1,syncExecutedRequestsWithBufferedRange
FNDA:1,abortRequests
FNDA:12,executeRequest
FNDA:6,loadCurrentFragment
FNDA:10,getRequestForTime
FNDA:22,filterRequests
FNDA:9,(anonymous_28)
FNDA:22,getRequestsForState
FNDA:12,addSchedulingInfoMetrics
FNDA:0,onLoadingCompleted
FNDA:0,onLoadingInProgress
FNDA:0,onLoadingAborted
FNDA:19,resetInitialSettings
FNDA:8,reset
FNDA:0,addExecutedRequest
DA:34,1
DA:39,2
DA:41,1
DA:43,1
DA:45,1
DA:47,1
DA:49,1
DA:50,1
DA:51,1
DA:52,1
DA:54,1
DA:56,11
DA:57,11
DA:58,11
DA:59,11
DA:60,11
DA:61,11
DA:63,11
DA:69,1
DA:70,11
DA:71,11
DA:72,11
DA:73,11
DA:74,11
DA:77,1
DA:78,10
DA:81,1
DA:82,0
DA:85,1
DA:86,2
DA:87,0
DA:90,2
DA:91,0
DA:94,2
DA:95,0
DA:98,2
DA:99,0
DA:101,0
DA:102,0
DA:103,0
DA:104,0
DA:107,0
DA:110,2
DA:111,2
DA:114,0
DA:117,1
DA:118,0
DA:119,0
DA:120,0
DA:123,0
DA:126,0
DA:127,0
DA:128,0
DA:129,0
DA:130,0
DA:135,0
DA:151,1
DA:152,23
DA:154,23
DA:155,23
DA:156,22
DA:157,22
DA:160,23
DA:163,1
DA:164,4
DA:167,1
DA:168,12
DA:169,4
DA:170,4
DA:174,1
DA:175,0
DA:176,0
DA:180,1
DA:181,0
DA:182,0
DA:185,0
DA:186,0
DA:187,0
DA:192,1
DA:193,1
DA:194,1
DA:195,1
DA:198,0
DA:199,0
DA:200,0
DA:201,0
DA:203,0
DA:204,0
DA:208,1
DA:209,1
DA:210,1
DA:213,1
DA:214,12
DA:216,6
DA:217,6
DA:218,6
DA:219,6
DA:223,6
DA:225,6
DA:226,6
DA:227,6
DA:228,6
DA:230,0
DA:234,1
DA:235,6
DA:239,6
DA:242,1
DA:244,10
DA:245,10
DA:246,0
DA:247,0
DA:248,0
DA:249,0
DA:250,0
DA:251,0
DA:254,10
DA:257,1
DA:259,22
DA:260,10
DA:263,12
DA:264,9
DA:265,9
DA:266,0
DA:269,9
DA:273,1
DA:274,22
DA:275,22
DA:277,4
DA:278,4
DA:280,16
DA:281,16
DA:283,2
DA:285,22
DA:288,1
DA:289,12
DA:290,12
DA:293,1
DA:294,0
DA:296,0
DA:298,0
DA:299,0
DA:302,0
DA:304,0
DA:312,1
DA:313,0
DA:315,0
DA:323,1
DA:324,0
DA:326,0
DA:329,1
DA:330,19
DA:331,19
DA:334,1
DA:335,8
DA:336,8
DA:337,8
DA:339,8
DA:340,7
DA:342,8
DA:345,1
DA:346,0
DA:349,11
DA:364,11
DA:365,11
DA:368,1
DA:369,1
DA:370,1
DA:371,1
DA:372,1
DA:373,1
DA:374,1
DA:375,1
DA:376,1
LF:173
LH:120
BRDA:39,1,0,0
BRDA:39,1,1,2
BRDA:39,2,0,2
BRDA:39,2,1,2
BRDA:56,3,0,11
BRDA:56,3,1,0
BRDA:87,4,0,0
BRDA:87,4,1,0
BRDA:91,5,0,0
BRDA:91,5,1,0
BRDA:91,5,2,0
BRDA:91,5,3,0
BRDA:95,6,0,0
BRDA:95,6,1,0
BRDA:95,6,2,0
BRDA:102,7,0,0
BRDA:102,7,1,0
BRDA:102,8,0,0
BRDA:102,8,1,0
BRDA:102,8,2,0
BRDA:110,9,0,2
BRDA:110,9,1,0
BRDA:126,10,0,0
BRDA:126,10,1,0
BRDA:129,11,0,0
BRDA:129,11,1,0
BRDA:129,12,0,0
BRDA:129,12,1,0
BRDA:152,13,0,22
BRDA:152,13,1,1
BRDA:152,14,0,0
BRDA:152,14,1,22
BRDA:164,15,0,2
BRDA:164,15,1,2
BRDA:170,16,0,4
BRDA:170,16,1,2
BRDA:170,17,0,0
BRDA:170,17,1,2
BRDA:176,18,0,0
BRDA:176,18,1,0
BRDA:176,19,0,0
BRDA:176,19,1,0
BRDA:181,20,0,0
BRDA:181,20,1,0
BRDA:187,21,0,0
BRDA:187,21,1,0
BRDA:187,21,2,0
BRDA:187,21,3,0
BRDA:193,22,0,1
BRDA:193,22,1,0
BRDA:193,23,0,1
BRDA:193,23,1,0
BRDA:203,24,0,0
BRDA:203,24,1,0
BRDA:214,25,0,6
BRDA:214,25,1,6
BRDA:214,25,2,0
BRDA:249,26,0,0
BRDA:249,26,1,0
BRDA:250,27,0,0
BRDA:250,27,1,0
BRDA:250,28,0,0
BRDA:250,28,1,0
BRDA:250,28,2,0
BRDA:250,28,3,0
BRDA:250,28,4,0
BRDA:250,28,5,0
BRDA:259,29,0,10
BRDA:259,29,1,12
BRDA:265,30,0,9
BRDA:265,30,1,0
BRDA:266,31,0,0
BRDA:266,31,1,0
BRDA:266,32,0,0
BRDA:266,32,1,0
BRDA:275,33,0,4
BRDA:275,33,1,16
BRDA:275,33,2,2
BRDA:294,34,0,0
BRDA:294,34,1,0
BRDA:298,35,0,0
BRDA:298,35,1,0
BRDA:298,36,0,0
BRDA:298,36,1,0
BRDA:302,37,0,0
BRDA:302,37,1,0
BRDA:313,38,0,0
BRDA:313,38,1,0
BRDA:324,39,0,0
BRDA:324,39,1,0
BRDA:339,40,0,7
BRDA:339,40,1,1
BRF:92
BRH:26
end_of_record
TN:
SF:/home/pronaya/go/src/github.com/lucas-clemente/quic-go/example/ppd/server/dash.js/src/core/FactoryMaker.js
FN:40,(anonymous_1)
FN:47,extend
FN:68,getSingletonInstance
FN:87,setSingletonInstance
FN:108,getFactoryByName
FN:112,updateFactory
FN:124,updateClassFactory
FN:128,getClassFactoryByName
FN:132,getClassFactory
FN:136,(anonymous_10)
FN:141,create
FN:158,updateSingletonFactory
FN:162,getSingletonFactoryByName
FN:166,getSingletonFactory
FN:169,(anonymous_15)
FN:175,getInstance
FN:199,merge
FN:238,(anonymous_18)
FNF:18
FNH:15
FNDA:1,(anonymous_1)
FNDA:0,extend
FNDA:12320,getSingletonInstance
FNDA:13,setSingletonInstance
FNDA:105,getFactoryByName
FNDA:9,updateFactory
FNDA:3,updateClassFactory
FNDA:0,getClassFactoryByName
FNDA:61,getClassFactory
FNDA:7522,(anonymous_10)
FNDA:7521,create
FNDA:6,updateSingletonFactory
FNDA:0,getSingletonFactoryByName
FNDA:44,getSingletonFactory
FNDA:12320,(anonymous_15)
FNDA:12320,getInstance
FNDA:9306,merge
FNDA:247,(anonymous_18)
DA:37,1
DA:40,1
DA:42,1
DA:43,1
DA:44,1
DA:45,1
DA:47,1
DA:48,0
DA:49,0
DA:68,1
DA:69,12320
DA:70,5121581
DA:71,5121581
DA:72,10535
DA:75,1785
DA:87,1
DA:88,13
DA:89,21982
DA:90,21982
DA:91,12
DA:92,12
DA:95,1
DA:108,1
DA:109,105
DA:112,1
DA:113,9
DA:114,8
DA:124,1
DA:125,3
DA:128,1
DA:129,0
DA:132,1
DA:133,61
DA:135,61
DA:136,61
DA:137,7522
DA:138,114
DA:140,7522
DA:142,7521
DA:147,61
DA:149,61
DA:158,1
DA:159,6
DA:162,1
DA:163,0
DA:166,1
DA:167,44
DA:168,44
DA:169,44
DA:170,12320
DA:171,12320
DA:172,0
DA:174,12320
DA:177,12320
DA:178,12320
DA:181,12320
DA:182,1785
DA:183,1785
DA:189,12320
DA:193,44
DA:196,44
DA:199,1
DA:201,9306
DA:202,9306
DA:203,9306
DA:205,9306
DA:207,0
DA:209,0
DA:212,0
DA:213,0
DA:219,0
DA:220,0
DA:221,0
DA:227,0
DA:234,9306
DA:238,9294
DA:239,247
DA:242,9294
DA:245,1
DA:257,1
DA:260,1
DA:261,1
LF:82
LH:69
BRDA:48,1,0,0
BRDA:48,1,1,0
BRDA:48,2,0,0
BRDA:48,2,1,0
BRDA:71,3,0,10535
BRDA:71,3,1,5111046
BRDA:71,4,0,5121581
BRDA:71,4,1,45572
BRDA:90,5,0,12
BRDA:90,5,1,21970
BRDA:90,6,0,21982
BRDA:90,6,1,25
BRDA:113,7,0,8
BRDA:113,7,1,1
BRDA:135,8,0,61
BRDA:135,8,1,0
BRDA:137,9,0,114
BRDA:137,9,1,7408
BRDA:168,10,0,44
BRDA:168,10,1,0
BRDA:171,11,0,0
BRDA:171,11,1,12320
BRDA:177,12,0,12320
BRDA:177,12,1,0
BRDA:181,13,0,1785
BRDA:181,13,1,10535
BRDA:205,14,0,0
BRDA:205,14,1,9306
BRDA:209,15,0,0
BRDA:209,15,1,0
BRDA:220,16,0,0
BRDA:220,16,1,0
BRF:32
BRH:19
end_of_record
TN:
SF:/home/pronaya/go/src/github.com/lucas-clemente/quic-go/example/ppd/server/dash.js/src/streaming/vo/FragmentRequest.js
FN:39,(anonymous_1)
FN:39,defineProperties
FN:39,(anonymous_3)
FN:43,_classCallCheck
FN:52,(anonymous_5)
FN:53,FragmentRequest
FN:83,isInitializationRequest
FN:88,setInfo
FNF:8
FNH:7
FNDA:1,(anonymous_1)
FNDA:1,defineProperties
FNDA:1,(anonymous_3)
FNDA:4,_classCallCheck
FNDA:1,(anonymous_5)
FNDA:4,FragmentRequest
FNDA:0,isInitializationRequest
FNDA:2,setInfo
DA:34,1
DA:39,2
DA:43,4
DA:45,1
DA:52,1
DA:53,1
DA:54,4
DA:56,4
DA:57,4
DA:58,4
DA:59,4
DA:60,4
DA:61,4
DA:62,4
DA:63,4
DA:64,4
DA:65,4
DA:66,4
DA:67,4
DA:68,4
DA:69,4
DA:70,4
DA:71,4
DA:72,4
DA:73,4
DA:74,4
DA:75,4
DA:76,4
DA:77,4
DA:78,4
DA:81,1
DA:84,0
DA:89,2
DA:90,2
DA:91,2
DA:92,2
DA:96,1
DA:99,1
DA:100,1
DA:102,1
DA:103,1
LF:41
LH:40
BRDA:39,1,0,2
BRDA:39,1,1,2
BRDA:39,2,0,2
BRDA:39,2,1,0
BRDA:39,3,0,1
BRDA:39,3,1,0
BRDA:39,4,0,0
BRDA:39,4,1,1
BRDA:43,5,0,0
BRDA:43,5,1,4
BRDA:64,6,0,4
BRDA:64,6,1,4
BRDA:84,7,0,0
BRDA:84,7,1,0
BRDA:89,8,0,1
BRDA:89,8,1,1
BRDA:89,9,0,2
BRDA:89,9,1,2
BRDA:90,10,0,0
BRDA:90,10,1,2
BRDA:90,11,0,2
BRDA:90,11,1,2
BRDA:91,12,0,2
BRDA:91,12,1,0
BRDA:91,13,0,2
BRDA:91,13,1,2
BRDA:92,14,0,0
BRDA:92,14,1,2
BRDA:92,15,0,2
BRDA:92,15,1,2
BRF:30
BRH:25
end_of_record
TN:
SF:/home/pronaya/go/src/github.com/lucas-clemente/quic-go/example/ppd/server/dash.js/src/streaming/vo/metrics/HTTPRequest.js
FN:44,_classCallCheck
FN:50,HTTPRequest
FN:154,HTTPRequestTrace
FNF:3
FNH:1
FNDA:0,_classCallCheck
FNDA:0,HTTPRequest
FNDA:0,HTTPRequestTrace
DA:39,1
DA:44,1
DA:46,1
DA:51,0
DA:57,0
DA:70,0
DA:75,0
DA:80,0
DA:85,0
DA:90,0
DA:95,0
DA:100,0
DA:105,0
DA:110,0
DA:116,0
DA:121,0
DA:126,0
DA:131,0
DA:136,0
DA:141,0
DA:150,1
DA:155,0
DA:161,0
DA:166,0
DA:171,0
DA:174,1
DA:175,1
DA:176,1
DA:177,1
DA:178,1
DA:179,1
DA:180,1
DA:181,1
DA:182,1
DA:184,1
DA:185,1
LF:36
LH:15
BRDA:44,1,0,0
BRDA:44,1,1,0
BRF:2
BRH:2
end_of_record
TN:
SF:/home/pronaya/go/src/github.com/lucas-clemente/quic-go/example/ppd/server/dash.js/src/streaming/SourceBufferSink.js
FN:38,_interopRequireDefault
FN:75,SourceBufferSink
FN:90,setup
FN:139,reset
FN:164,getBuffer
FN:168,getAllBufferRanges
FN:177,hasDiscontinuitiesAfter
FN:195,append
FN:209,updateTimestampOffset
FN:211,(anonymous_10)
FN:217,remove
FN:220,(anonymous_12)
FN:226,(anonymous_13)
FN:246,appendNextInQueue
FN:254,(anonymous_15)
FN:259,afterSuccess
FN:307,checkBufferGapsAfterAppend
FN:319,isChunkAlignedWithRange
FN:330,abort
FN:343,executeCallback
FN:356,checkIsUpdateEnded
FN:363,updateEndHandler
FN:369,errHandler
FN:373,waitForUpdateEnd
FNF:24
FNH:20
FNDA:7,_interopRequireDefault
FNDA:53,SourceBufferSink
FNDA:53,setup
FNDA:41,reset
FNDA:45,getBuffer
FNDA:19,getAllBufferRanges
FNDA:0,hasDiscontinuitiesAfter
FNDA:10,append
FNDA:20,updateTimestampOffset
FNDA:1,(anonymous_10)
FNDA:1,remove
FNDA:1,(anonymous_12)
FNDA:1,(anonymous_13)
FNDA:9,appendNextInQueue
FNDA:9,(anonymous_15)
FNDA:3,afterSuccess
FNDA:3,checkBufferGapsAfterAppend
FNDA:0,isChunkAlignedWithRange
FNDA:31,abort
FNDA:104,executeCallback
FNDA:102,checkIsUpdateEnded
FNDA:0,updateEndHandler
FNDA:0,errHandler
FNDA:32,waitForUpdateEnd
DA:33,1
DA:38,7
DA:40,1
DA:42,1
DA:44,1
DA:46,1
DA:48,1
DA:50,1
DA:52,1
DA:54,1
DA:56,1
DA:58,1
DA:60,1
DA:62,1
DA:64,1
DA:66,1
DA:68,1
DA:75,1
DA:76,53
DA:77,53
DA:79,53
DA:85,53
DA:86,53
DA:87,53
DA:88,53
DA:90,1
DA:91,53
DA:92,53
DA:94,53
DA:95,43
DA:100,43
DA:101,2
DA:103,41
DA:104,37
DA:105,0
DA:106,0
DA:109,37
DA:110,37
DA:113,37
DA:115,37
DA:116,0
DA:117,0
DA:118,0
DA:119,0
DA:122,0
DA:126,37
DA:130,6
DA:131,4
DA:132,4
DA:134,2
DA:139,1
DA:140,41
DA:141,40
DA:142,0
DA:143,0
DA:144,0
DA:146,40
DA:147,40
DA:148,40
DA:149,40
DA:150,40
DA:151,40
DA:154,0
DA:156,40
DA:158,40
DA:160,41
DA:161,41
DA:164,1
DA:165,45
DA:168,1
DA:169,19
DA:170,19
DA:172,0
DA:173,0
DA:177,1
DA:178,0
DA:179,0
DA:180,0
DA:181,0
DA:182,0
DA:183,0
DA:184,0
DA:190,0
DA:192,0
DA:195,1
DA:196,10
DA:197,1
DA:201,1
DA:203,9
DA:204,9
DA:205,9
DA:209,1
DA:210,20
DA:211,1
DA:212,1
DA:217,1
DA:218,1
DA:220,1
DA:221,1
DA:222,1
DA:223,1
DA:226,1
DA:227,1
DA:235,0
DA:246,1
DA:249,9
DA:251,9
DA:253,9
DA:254,9
DA:255,9
DA:256,9
DA:257,9
DA:258,9
DA:259,9
DA:261,3
DA:262,3
DA:263,3
DA:264,0
DA:266,3
DA:267,3
DA:268,3
DA:275,9
DA:276,9
DA:277,0
DA:279,9
DA:280,9
DA:281,9
DA:283,0
DA:286,9
DA:289,0
DA:290,0
DA:291,0
DA:293,0
DA:296,0
DA:297,0
DA:307,1
DA:308,3
DA:310,0
DA:319,1
DA:320,0
DA:321,0
DA:322,0
DA:323,0
DA:324,0
DA:327,0
DA:330,1
DA:331,31
DA:332,31
DA:333,30
DA:334,1
DA:335,0
DA:338,0
DA:340,31
DA:343,1
DA:344,104
DA:345,26
DA:346,26
DA:347,10
DA:349,16
DA:351,16
DA:356,1
DA:358,102
DA:360,75
DA:363,1
DA:364,0
DA:366,0
DA:369,1
DA:370,0
DA:373,1
DA:374,32
DA:376,32
DA:377,13
DA:381,53
DA:393,53
DA:395,41
DA:398,1
DA:399,1
DA:400,1
DA:401,1
LF:179
LH:135
BRDA:38,1,0,0
BRDA:38,1,1,7
BRDA:38,2,0,7
BRDA:38,2,1,7
BRDA:88,3,0,0
BRDA:88,3,1,53
BRDA:100,4,0,2
BRDA:100,4,1,41
BRDA:103,5,0,0
BRDA:103,5,1,41
BRDA:104,6,0,0
BRDA:104,6,1,37
BRDA:104,7,0,37
BRDA:104,7,1,0
BRDA:109,8,0,37
BRDA:109,8,1,0
BRDA:109,9,0,37
BRDA:109,9,1,37
BRDA:115,10,0,0
BRDA:115,10,1,37
BRDA:130,11,0,4
BRDA:130,11,1,2
BRDA:130,12,0,6
BRDA:130,12,1,4
BRDA:130,12,2,3
BRDA:140,13,0,40
BRDA:140,13,1,1
BRDA:141,14,0,0
BRDA:141,14,1,40
BRDA:148,15,0,40
BRDA:148,15,1,0
BRDA:150,16,0,40
BRDA:150,16,1,0
BRDA:150,17,0,40
BRDA:150,17,1,0
BRDA:180,18,0,0
BRDA:180,18,1,0
BRDA:180,19,0,0
BRDA:180,19,1,0
BRDA:182,20,0,0
BRDA:182,20,1,0
BRDA:183,21,0,0
BRDA:183,21,1,0
BRDA:183,22,0,0
BRDA:183,22,1,0
BRDA:196,23,0,1
BRDA:196,23,1,9
BRDA:204,24,0,9
BRDA:204,24,1,0
BRDA:210,25,0,1
BRDA:210,25,1,19
BRDA:210,26,0,20
BRDA:210,26,1,1
BRDA:222,27,0,1
BRDA:222,27,1,0
BRDA:222,28,0,1
BRDA:222,28,1,1
BRDA:222,28,2,1
BRDA:222,28,3,1
BRDA:253,29,0,9
BRDA:253,29,1,0
BRDA:263,30,0,0
BRDA:263,30,1,3
BRDA:267,31,0,3
BRDA:267,31,1,0
BRDA:276,32,0,0
BRDA:276,32,1,9
BRDA:280,33,0,9
BRDA:280,33,1,0
BRDA:290,34,0,0
BRDA:290,34,1,0
BRDA:296,35,0,0
BRDA:296,35,1,0
BRDA:308,36,0,0
BRDA:308,36,1,3
BRDA:308,37,0,3
BRDA:308,37,1,2
BRDA:308,37,2,0
BRDA:308,37,3,0
BRDA:323,38,0,0
BRDA:323,38,1,0
BRDA:323,39,0,0
BRDA:323,39,1,0
BRDA:323,39,2,0
BRDA:323,39,3,0
BRDA:332,40,0,30
BRDA:332,40,1,1
BRDA:334,41,0,0
BRDA:334,41,1,1
BRDA:334,42,0,1
BRDA:334,42,1,0
BRDA:344,43,0,26
BRDA:344,43,1,78
BRDA:346,44,0,10
BRDA:346,44,1,16
BRDA:358,45,0,27
BRDA:358,45,1,75
BRDA:364,46,0,0
BRDA:364,46,1,0
BRDA:376,47,0,13
BRDA:376,47,1,19
BRF:101
BRH:57
end_of_record
TN:
SF:/home/pronaya/go/src/github.com/lucas-clemente/quic-go/example/ppd/server/dash.js/src/core/Debug.js
FN:38,_interopRequireDefault
FN:64,Debug
FN:78,setup
FN:92,getLogFn
FN:108,getLogger
FN:125,setLogTimestampVisible
FN:135,setCalleeNameVisible
FN:139,fatal
FN:147,error
FN:155,warn
FN:163,info
FN:171,debug
FN:179,doLog
FN:203,(anonymous_14)
FNF:14
FNH:12
FNDA:3,_interopRequireDefault
FNDA:161,Debug
FNDA:161,setup
FNDA:5,getLogFn
FNDA:6202,getLogger
FNDA:0,setLogTimestampVisible
FNDA:0,setCalleeNameVisible
FNDA:20,fatal
FNDA:2,error
FNDA:13,warn
FNDA:138,info
FNDA:84,debug
FNDA:257,doLog
FNDA:281,(anonymous_14)
DA:33,1
DA:38,3
DA:40,1
DA:42,1
DA:44,1
DA:46,1
DA:48,1
DA:50,1
DA:52,1
DA:53,1
DA:54,1
DA:55,1
DA:56,1
DA:57,1
DA:64,1
DA:66,161
DA:67,161
DA:68,161
DA:69,161
DA:71,161
DA:73,161
DA:78,1
DA:79,161
DA:80,161
DA:81,161
DA:83,161
DA:84,1
DA:85,1
DA:86,1
DA:87,1
DA:88,1
DA:92,1
DA:93,5
DA:94,5
DA:97,0
DA:108,1
DA:109,6202
DA:125,1
DA:126,0
DA:135,1
DA:136,0
DA:139,1
DA:140,20
DA:141,20
DA:144,20
DA:147,1
DA:148,2
DA:149,2
DA:152,2
DA:155,1
DA:156,13
DA:157,13
DA:160,13
DA:163,1
DA:164,138
DA:165,148
DA:168,138
DA:171,1
DA:172,84
DA:173,98
DA:176,84
DA:179,1
DA:180,257
DA:181,257
DA:183,257
DA:184,257
DA:185,257
DA:188,257
DA:189,247
DA:190,247
DA:191,15
DA:195,257
DA:196,257
DA:199,257
DA:200,281
DA:203,257
DA:204,281
DA:208,257
DA:209,4
DA:213,257
DA:216,161
DA:222,161
DA:224,161
DA:227,1
DA:229,1
DA:230,1
DA:231,1
DA:232,1
DA:233,1
DA:234,1
DA:235,1
DA:236,1
DA:237,1
DA:238,1
LF:94
LH:91
BRDA:38,1,0,0
BRDA:38,1,1,3
BRDA:38,2,0,3
BRDA:38,2,1,3
BRDA:66,3,0,161
BRDA:66,3,1,49
BRDA:83,4,0,1
BRDA:83,4,1,160
BRDA:83,5,0,161
BRDA:83,5,1,8
BRDA:93,6,0,5
BRDA:93,6,1,0
BRDA:93,7,0,5
BRDA:93,7,1,5
BRDA:183,8,0,257
BRDA:183,8,1,0
BRDA:188,9,0,247
BRDA:188,9,1,10
BRDA:188,10,0,257
BRDA:188,10,1,257
BRDA:188,10,2,247
BRDA:190,11,0,15
BRDA:190,11,1,232
BRDA:195,12,0,257
BRDA:195,12,1,0
BRDA:208,13,0,4
BRDA:208,13,1,253
BRDA:208,14,0,257
BRDA:208,14,1,10
BRF:29
BRH:26
end_of_record
TN:
SF:/home/pronaya/go/src/github.com/lucas-clemente/quic-go/example/ppd/server/dash.js/src/core/EventBus.js
FN:38,_interopRequireDefault
FN:47,EventBus
FN:51,on
FN:71,(anonymous_4)
FN:83,off
FN:90,trigger
FN:99,(anonymous_7)
FN:102,(anonymous_8)
FN:107,getHandlerIdx
FN:113,(anonymous_10)
FN:122,reset
FNF:11
FNH:10
FNDA:1,_interopRequireDefault
FNDA:173,EventBus
FNDA:9166,on
FNDA:3862563,(anonymous_4)
FNDA:8664,off
FNDA:548,trigger
FNDA:556,(anonymous_7)
FNDA:273,(anonymous_8)
FNDA:17752,getHandlerIdx
FNDA:7732842,(anonymous_10)
FNDA:0,reset
DA:33,1
DA:38,1
DA:40,1
DA:42,1
DA:44,1
DA:45,1
DA:47,1
DA:49,173
DA:51,1
DA:52,9166
DA:54,9166
DA:55,1
DA:57,9165
DA:58,1
DA:61,9164
DA:63,9151
DA:65,9151
DA:71,9151
DA:72,3862563
DA:73,1
DA:74,1
DA:78,9151
DA:79,9150
DA:83,1
DA:84,8664
DA:85,8588
DA:86,8588
DA:87,8457
DA:90,1
DA:91,548
DA:93,162
DA:95,162
DA:97,161
DA:99,161
DA:100,556
DA:102,161
DA:103,273
DA:107,1
DA:109,17752
DA:111,17752
DA:113,17021
DA:114,7732842
DA:115,8470
DA:116,8470
DA:119,17021
DA:122,1
DA:123,0
DA:126,173
DA:133,173
DA:136,1
DA:137,1
DA:138,1
DA:139,1
DA:140,1
DA:141,1
DA:142,1
LF:56
LH:55
BRDA:38,1,0,0
BRDA:38,1,1,1
BRDA:38,2,0,1
BRDA:38,2,1,1
BRDA:52,3,0,9143
BRDA:52,3,1,23
BRDA:52,4,0,9166
BRDA:52,4,1,23
BRDA:54,5,0,1
BRDA:54,5,1,9165
BRDA:57,6,0,1
BRDA:57,6,1,9164
BRDA:57,7,0,9165
BRDA:57,7,1,9164
BRDA:61,8,0,13
BRDA:61,8,1,9151
BRDA:63,9,0,9151
BRDA:63,9,1,731
BRDA:72,10,0,1
BRDA:72,10,1,3862562
BRDA:72,11,0,3862563
BRDA:72,11,1,2596
BRDA:78,12,0,9150
BRDA:78,12,1,1
BRDA:84,13,0,76
BRDA:84,13,1,8588
BRDA:84,14,0,8664
BRDA:84,14,1,8664
BRDA:84,14,2,8664
BRDA:86,15,0,131
BRDA:86,15,1,8457
BRDA:91,16,0,386
BRDA:91,16,1,162
BRDA:91,17,0,548
BRDA:91,17,1,545
BRDA:93,18,0,162
BRDA:93,18,1,10
BRDA:95,19,0,1
BRDA:95,19,1,161
BRDA:103,20,0,273
BRDA:103,20,1,273
BRDA:111,21,0,731
BRDA:111,21,1,17021
BRDA:114,22,0,8470
BRDA:114,22,1,7724372
BRDA:114,23,0,7732842
BRDA:114,23,1,11233
BRDA:114,23,2,8470
BRDA:114,23,3,8279
BRF:49
BRH:49
end_of_record
TN:
SF:/home/pronaya/go/src/github.com/lucas-clemente/quic-go/example/ppd/server/dash.js/src/core/events/Events.js
FN:42,get
FN:46,_interopRequireDefault
FN:50,_classCallCheck
FN:54,_inherits
FN:60,(anonymous_5)
FN:63,Events
FNF:6
FNH:6
FNDA:1,get
FNDA:1,_interopRequireDefault
FNDA:1,_classCallCheck
FNDA:1,_inherits
FNDA:1,(anonymous_5)
FNDA:1,Events
DA:37,1
DA:42,1
DA:46,1
DA:50,1
DA:54,1
DA:56,1
DA:58,1
DA:60,1
DA:61,1
DA:63,1
DA:64,1
DA:66,1
DA:69,1
DA:72,1
DA:73,1
DA:74,1
LF:16
LH:16
BRDA:42,1,0,0
BRDA:42,1,1,1
BRDA:42,2,0,0
BRDA:42,2,1,1
BRDA:42,3,0,0
BRDA:42,3,1,0
BRDA:42,4,0,1
BRDA:42,4,1,0
BRDA:42,5,0,0
BRDA:42,5,1,0
BRDA:46,6,0,0
BRDA:46,6,1,1
BRDA:46,7,0,1
BRDA:46,7,1,1
BRDA:50,8,0,0
BRDA:50,8,1,1
BRDA:54,9,0,0
BRDA:54,9,1,1
BRDA:54,10,0,1
BRDA:54,10,1,0
BRDA:54,11,0,1
BRDA:54,11,1,1
BRDA:54,12,0,1
BRDA:54,12,1,0
BRDA:54,13,0,1
BRDA:54,13,1,0
BRF:26
BRH:26
end_of_record
TN:
SF:/home/pronaya/go/src/github.com/lucas-clemente/quic-go/example/ppd/server/dash.js/src/core/events/CoreEvents.js
FN:38,get
FN:42,_interopRequireDefault
FN:46,_classCallCheck
FN:50,_inherits
FN:64,(anonymous_5)
FN:67,CoreEvents
FNF:6
FNH:6
FNDA:1,get
FNDA:1,_interopRequireDefault
FNDA:1,_classCallCheck
FNDA:1,_inherits
FNDA:1,(anonymous_5)
FNDA:1,CoreEvents
DA:33,1
DA:38,1
DA:42,1
DA:46,1
DA:50,1
DA:52,1
DA:54,1
DA:64,1
DA:65,1
DA:67,1
DA:68,1
DA:70,1
DA:71,1
DA:72,1
DA:73,1
DA:74,1
DA:75,1
DA:76,1
DA:77,1
DA:78,1
DA:79,1
DA:80,1
DA:81,1
DA:82,1
DA:83,1
DA:84,1
DA:85,1
DA:86,1
DA:87,1
DA:88,1
DA:89,1
DA:90,1
DA:91,1
DA:92,1
DA:93,1
DA:94,1
DA:95,1
DA:96,1
DA:97,1
DA:98,1
DA:99,1
DA:100,1
DA:101,1
DA:102,1
DA:103,1
DA:104,1
DA:105,1
DA:106,1
DA:107,1
DA:108,1
DA:109,1
DA:110,1
DA:111,1
DA:114,1
DA:117,1
DA:118,1
LF:56
LH:56
BRDA:38,1,0,0
BRDA:38,1,1,1
BRDA:38,2,0,0
BRDA:38,2,1,1
BRDA:38,3,0,0
BRDA:38,3,1,0
BRDA:38,4,0,1
BRDA:38,4,1,0
BRDA:38,5,0,0
BRDA:38,5,1,0
BRDA:42,6,0,0
BRDA:42,6,1,1
BRDA:42,7,0,1
BRDA:42,7,1,1
BRDA:46,8,0,0
BRDA:46,8,1,1
BRDA:50,9,0,0
BRDA:50,9,1,1
BRDA:50,10,0,1
BRDA:50,10,1,0
BRDA:50,11,0,1
BRDA:50,11,1,1
BRDA:50,12,0,1
BRDA:50,12,1,0
BRDA:50,13,0,1
BRDA:50,13,1,0
BRF:26
BRH:26
end_of_record
TN:
SF:/home/pronaya/go/src/github.com/lucas-clemente/quic-go/example/ppd/server/dash.js/src/core/events/EventsBase.js
FN:42,(anonymous_1)
FN:42,defineProperties
FN:42,(anonymous_3)
FN:46,_classCallCheck
FN:48,(anonymous_5)
FN:49,EventsBase
FN:55,extend
FNF:7
FNH:7
FNDA:1,(anonymous_1)
FNDA:1,defineProperties
FNDA:1,(anonymous_3)
FNDA:4,_classCallCheck
FNDA:1,(anonymous_5)
FNDA:4,EventsBase
FNDA:114,extend
DA:37,1
DA:42,1
DA:46,4
DA:48,1
DA:49,1
DA:50,4
DA:53,1
DA:56,114
DA:58,114
DA:59,114
DA:61,114
DA:62,5302
DA:63,66
DA:64,66
DA:69,1
DA:72,1
DA:73,1
LF:17
LH:17
BRDA:42,1,0,1
BRDA:42,1,1,1
BRDA:42,2,0,1
BRDA:42,2,1,0
BRDA:42,3,0,1
BRDA:42,3,1,0
BRDA:42,4,0,0
BRDA:42,4,1,1
BRDA:46,5,0,0
BRDA:46,5,1,4
BRDA:56,6,0,0
BRDA:56,6,1,114
BRDA:58,7,0,0
BRDA:58,7,1,114
BRDA:59,8,0,0
BRDA:59,8,1,114
BRDA:62,9,0,5236
BRDA:62,9,1,66
BRDA:62,10,0,5302
BRDA:62,10,1,5302
BRDA:62,10,2,5236
BRDA:63,11,0,0
BRDA:63,11,1,66
BRDA:63,12,0,66
BRDA:63,12,1,0
BRF:25
BRH:20
end_of_record
TN:
SF:/home/pronaya/go/src/github.com/lucas-clemente/quic-go/example/ppd/server/dash.js/src/streaming/vo/DashJSError.js
FN:42,_classCallCheck
FN:44,DashJSError
FNF:2
FNH:2
FNDA:41,_classCallCheck
FNDA:41,DashJSError
DA:37,1
DA:42,41
DA:44,1
DA:45,41
DA:47,41
DA:48,41
DA:49,41
DA:52,1
DA:53,1
LF:9
LH:9
BRDA:42,1,0,0
BRDA:42,1,1,41
BRDA:47,2,0,41
BRDA:47,2,1,1
BRDA:48,3,0,41
BRDA:48,3,1,0
BRDA:49,4,0,41
BRDA:49,4,1,36
BRF:8
BRH:7
end_of_record
TN:
SF:/home/pronaya/go/src/github.com/lucas-clemente/quic-go/example/ppd/server/dash.js/src/streaming/text/TextController.js
FN:38,_interopRequireDefault
FN:74,TextController
FN:99,setup
FN:129,onPeriodSwitchStarted
FN:135,onStreamCompleted
FN:141,onPeriodSwitchCompleted
FN:148,setConfig
FN:194,getTextSourceBuffer
FN:198,getAllTracksAreDisabled
FN:202,addEmbeddedTrack
FN:206,setTextDefaultLanguage
FN:211,getTextDefaultLanguage
FN:215,onTextTracksAdded
FN:223,(anonymous_14)
FN:244,setTextDefaultEnabled
FN:254,getTextDefaultEnabled
FN:258,enableText
FN:276,isTextEnabled
FN:285,enableForcedTextStreaming
FN:290,setTextTrack
FN:360,getCurrentTrackIdx
FN:364,resetInitialSettings
FN:368,reset
FNF:23
FNH:19
FNDA:8,_interopRequireDefault
FNDA:43,TextController
FNDA:43,setup
FNDA:0,onPeriodSwitchStarted
FNDA:1,onStreamCompleted
FNDA:0,onPeriodSwitchCompleted
FNDA:51,setConfig
FNDA:1,getTextSourceBuffer
FNDA:2,getAllTracksAreDisabled
FNDA:0,addEmbeddedTrack
FNDA:6,setTextDefaultLanguage
FNDA:3,getTextDefaultLanguage
FNDA:8,onTextTracksAdded
FNDA:16,(anonymous_14)
FNDA:6,setTextDefaultEnabled
FNDA:5,getTextDefaultEnabled
FNDA:6,enableText
FNDA:20,isTextEnabled
FNDA:0,enableForcedTextStreaming
FNDA:9,setTextTrack
FNDA:2,getCurrentTrackIdx
FNDA:58,resetInitialSettings
FNDA:15,reset
DA:33,1
DA:38,8
DA:40,1
DA:42,1
DA:44,1
DA:46,1
DA:48,1
DA:50,1
DA:52,1
DA:54,1
DA:56,1
DA:58,1
DA:60,1
DA:62,1
DA:64,1
DA:66,1
DA:68,1
DA:70,1
DA:72,1
DA:74,1
DA:76,43
DA:78,43
DA:99,1
DA:101,43
DA:102,43
DA:103,43
DA:104,43
DA:105,43
DA:106,43
DA:107,43
DA:108,43
DA:109,43
DA:111,43
DA:112,43
DA:122,43
DA:123,43
DA:124,43
DA:126,43
DA:129,1
DA:130,0
DA:131,0
DA:135,1
DA:136,1
DA:137,1
DA:141,1
DA:142,0
DA:143,0
DA:144,0
DA:148,1
DA:149,51
DA:150,0
DA:152,51
DA:153,38
DA:155,51
DA:156,38
DA:158,51
DA:159,38
DA:161,51
DA:162,38
DA:164,51
DA:165,51
DA:167,51
DA:168,51
DA:170,51
DA:171,0
DA:173,51
DA:174,0
DA:176,51
DA:177,0
DA:181,51
DA:194,1
DA:195,1
DA:198,1
DA:199,2
DA:202,1
DA:203,0
DA:206,1
DA:207,6
DA:208,3
DA:211,1
DA:212,3
DA:215,1
DA:218,8
DA:220,8
DA:221,8
DA:223,8
DA:224,16
DA:225,2
DA:226,2
DA:227,2
DA:231,8
DA:233,1
DA:236,8
DA:237,8
DA:244,1
DA:245,6
DA:246,3
DA:248,3
DA:250,2
DA:254,1
DA:255,5
DA:258,1
DA:259,6
DA:261,3
DA:263,2
DA:265,1
DA:268,2
DA:270,1
DA:271,1
DA:276,1
DA:277,20
DA:278,20
DA:279,3
DA:281,20
DA:285,1
DA:286,0
DA:287,0
DA:290,1
DA:293,9
DA:294,9
DA:295,9
DA:296,9
DA:297,9
DA:300,9
DA:302,9
DA:303,9
DA:304,6
DA:305,6
DA:306,6
DA:308,6
DA:310,6
DA:311,0
DA:312,0
DA:313,0
DA:314,0
DA:315,0
DA:316,0
DA:317,0
DA:318,0
DA:319,0
DA:320,0
DA:321,0
DA:322,0
DA:326,0
DA:327,0
DA:328,0
DA:329,0
DA:330,0
DA:333,0
DA:334,0
DA:338,6
DA:339,1
DA:340,1
DA:341,0
DA:342,0
DA:343,0
DA:344,0
DA:348,1
DA:349,0
DA:350,0
DA:351,0
DA:352,0
DA:360,1
DA:361,2
DA:364,1
DA:365,58
DA:368,1
DA:369,15
DA:370,15
DA:371,15
DA:374,43
DA:390,43
DA:391,43
DA:394,1
DA:395,1
DA:396,1
LF:176
LH:137
BRDA:38,1,0,0
BRDA:38,1,1,8
BRDA:38,2,0,8
BRDA:38,2,1,8
BRDA:130,3,0,0
BRDA:130,3,1,0
BRDA:130,4,0,0
BRDA:130,4,1,0
BRDA:136,5,0,1
BRDA:136,5,1,0
BRDA:142,6,0,0
BRDA:142,6,1,0
BRDA:149,7,0,0
BRDA:149,7,1,51
BRDA:152,8,0,38
BRDA:152,8,1,13
BRDA:155,9,0,38
BRDA:155,9,1,13
BRDA:158,10,0,38
BRDA:158,10,1,13
BRDA:161,11,0,38
BRDA:161,11,1,13
BRDA:164,12,0,51
BRDA:164,12,1,0
BRDA:167,13,0,51
BRDA:167,13,1,0
BRDA:170,14,0,0
BRDA:170,14,1,51
BRDA:173,15,0,0
BRDA:173,15,1,51
BRDA:176,16,0,0
BRDA:176,16,1,51
BRDA:224,17,0,2
BRDA:224,17,1,14
BRDA:231,18,0,1
BRDA:231,18,1,7
BRDA:248,19,0,2
BRDA:248,19,1,1
BRDA:261,20,0,2
BRDA:261,20,1,1
BRDA:263,21,0,1
BRDA:263,21,1,1
BRDA:268,22,0,1
BRDA:268,22,1,1
BRDA:278,23,0,3
BRDA:278,23,1,17
BRDA:278,24,0,20
BRDA:278,24,1,3
BRDA:300,25,0,5
BRDA:300,25,1,4
BRDA:303,26,0,6
BRDA:303,26,1,3
BRDA:310,27,0,0
BRDA:310,27,1,6
BRDA:310,28,0,6
BRDA:310,28,1,1
BRDA:310,28,2,0
BRDA:313,29,0,0
BRDA:313,29,1,0
BRDA:313,30,0,0
BRDA:313,30,1,0
BRDA:313,30,2,0
BRDA:313,31,0,0
BRDA:313,31,1,0
BRDA:315,32,0,0
BRDA:315,32,1,0
BRDA:322,33,0,0
BRDA:322,33,1,0
BRDA:328,34,0,0
BRDA:328,34,1,0
BRDA:338,35,0,1
BRDA:338,35,1,5
BRDA:338,36,0,6
BRDA:338,36,1,1
BRDA:341,37,0,0
BRDA:341,37,1,0
BRDA:348,38,0,0
BRDA:348,38,1,1
BRDA:348,39,0,1
BRDA:348,39,1,0
BRDA:350,40,0,0
BRDA:350,40,1,0
BRDA:350,41,0,0
BRDA:350,41,1,0
BRF:84
BRH:48
end_of_record
TN:
SF:/home/pronaya/go/src/github.com/lucas-clemente/quic-go/example/ppd/server/dash.js/src/streaming/text/TextSourceBuffer.js
FN:38,_interopRequireDefault
FN:98,TextSourceBuffer
FN:131,setup
FN:137,resetFragmented
FN:145,resetInitialSettings
FN:152,initialize
FN:169,addMediaInfos
FN:193,abort
FN:200,reset
FN:208,onVideoChunkReceived
FN:216,initEmbedded
FN:243,resetEmbedded
FN:255,addEmbeddedTrack
FN:273,setConfig
FN:306,getConfig
FN:316,setCurrentFragmentedTrackIdx
FN:320,createTextTrackFromMediaInfo
FN:323,getKind
FN:329,checkTTML
FN:356,append
FN:484,makeCueAdderForIndex
FN:485,newCue
FN:564,extractCea608Data
FN:598,sortField
FN:599,(anonymous_25)
FN:610,getIsDefault
FN:628,getParser
FN:638,remove
FN:647,onVideoBufferCleared
FN:648,(anonymous_30)
FNF:30
FNH:15
FNDA:14,_interopRequireDefault
FNDA:44,TextSourceBuffer
FNDA:44,setup
FNDA:59,resetFragmented
FNDA:59,resetInitialSettings
FNDA:1,initialize
FNDA:1,addMediaInfos
FNDA:0,abort
FNDA:15,reset
FNDA:0,onVideoChunkReceived
FNDA:1,initEmbedded
FNDA:15,resetEmbedded
FNDA:1,addEmbeddedTrack
FNDA:52,setConfig
FNDA:9,getConfig
FNDA:0,setCurrentFragmentedTrackIdx
FNDA:0,createTextTrackFromMediaInfo
FNDA:0,getKind
FNDA:0,checkTTML
FNDA:1,append
FNDA:0,makeCueAdderForIndex
FNDA:0,newCue
FNDA:0,extractCea608Data
FNDA:0,sortField
FNDA:0,(anonymous_25)
FNDA:0,getIsDefault
FNDA:1,getParser
FNDA:0,remove
FNDA:0,onVideoBufferCleared
FNDA:0,(anonymous_30)
DA:33,1
DA:38,14
DA:40,1
DA:42,1
DA:44,1
DA:46,1
DA:48,1
DA:50,1
DA:52,1
DA:54,1
DA:56,1
DA:58,1
DA:60,1
DA:62,1
DA:64,1
DA:66,1
DA:68,1
DA:70,1
DA:72,1
DA:74,1
DA:76,1
DA:78,1
DA:80,1
DA:82,1
DA:84,1
DA:86,1
DA:88,1
DA:90,1
DA:92,1
DA:94,1
DA:96,1
DA:98,1
DA:100,44
DA:101,44
DA:102,44
DA:104,44
DA:131,1
DA:132,44
DA:134,44
DA:137,1
DA:138,59
DA:139,59
DA:140,59
DA:141,59
DA:142,59
DA:145,1
DA:146,59
DA:148,59
DA:149,59
DA:152,1
DA:153,1
DA:154,0
DA:157,1
DA:160,1
DA:162,1
DA:163,0
DA:166,1
DA:169,1
DA:170,1
DA:171,1
DA:172,0
DA:174,0
DA:175,0
DA:176,0
DA:177,0
DA:178,0
DA:179,0
DA:180,0
DA:181,0
DA:182,0
DA:187,0
DA:188,0
DA:193,1
DA:194,0
DA:195,0
DA:196,0
DA:197,0
DA:200,1
DA:201,15
DA:203,15
DA:204,15
DA:205,15
DA:208,1
DA:209,0
DA:211,0
DA:212,0
DA:216,1
DA:217,1
DA:218,1
DA:219,1
DA:222,1
DA:223,1
DA:224,1
DA:225,1
DA:226,1
DA:227,1
DA:228,1
DA:229,1
DA:231,1
DA:232,1
DA:233,0
DA:234,0
DA:235,0
DA:239,1
DA:240,1
DA:243,1
DA:244,15
DA:245,15
DA:246,15
DA:247,15
DA:249,15
DA:250,15
DA:251,15
DA:252,15
DA:255,1
DA:256,1
DA:257,1
DA:259,1
DA:260,0
DA:261,0
DA:262,0
DA:263,0
DA:266,0
DA:268,0
DA:273,1
DA:274,52
DA:275,0
DA:277,52
DA:278,39
DA:280,52
DA:281,39
DA:283,52
DA:284,38
DA:286,52
DA:287,38
DA:289,52
DA:290,51
DA:292,52
DA:293,52
DA:295,52
DA:296,51
DA:298,52
DA:299,51
DA:301,52
DA:302,52
DA:306,1
DA:307,9
DA:313,9
DA:316,1
DA:317,0
DA:320,1
DA:321,0
DA:322,0
DA:323,0
DA:324,0
DA:325,0
DA:326,0
DA:329,0
DA:330,0
DA:331,0
DA:332,0
DA:334,0
DA:335,0
DA:337,0
DA:340,0
DA:341,0
DA:342,0
DA:343,0
DA:344,0
DA:345,0
DA:346,0
DA:347,0
DA:348,0
DA:349,0
DA:350,0
DA:351,0
DA:352,0
DA:353,0
DA:356,1
DA:357,1
DA:364,1
DA:365,1
DA:366,1
DA:367,1
DA:368,1
DA:369,0
DA:370,0
DA:373,1
DA:374,0
DA:375,0
DA:376,0
DA:378,0
DA:379,0
DA:381,0
DA:382,0
DA:383,0
DA:384,0
DA:386,0
DA:387,0
DA:388,0
DA:389,0
DA:390,0
DA:391,0
DA:392,0
DA:393,0
DA:394,0
DA:395,0
DA:396,0
DA:397,0
DA:398,0
DA:399,0
DA:400,0
DA:401,0
DA:403,0
DA:405,0
DA:406,0
DA:407,0
DA:408,0
DA:410,0
DA:411,0
DA:412,0
DA:417,0
DA:418,0
DA:419,0
DA:420,0
DA:421,0
DA:422,0
DA:424,0
DA:426,0
DA:427,0
DA:428,0
DA:429,0
DA:430,0
DA:432,0
DA:433,0
DA:434,0
DA:435,0
DA:436,0
DA:437,0
DA:438,0
DA:439,0
DA:440,0
DA:441,0
DA:442,0
DA:448,0
DA:454,0
DA:455,0
DA:459,1
DA:460,1
DA:461,1
DA:463,1
DA:464,1
DA:465,0
DA:467,1
DA:469,0
DA:471,0
DA:472,0
DA:473,0
DA:474,0
DA:475,0
DA:480,0
DA:481,0
DA:482,0
DA:484,0
DA:485,1
DA:486,0
DA:487,0
DA:488,0
DA:490,0
DA:491,0
DA:498,0
DA:499,0
DA:502,0
DA:505,0
DA:507,0
DA:509,0
DA:511,0
DA:514,0
DA:515,0
DA:516,0
DA:517,0
DA:518,0
DA:519,0
DA:520,0
DA:522,0
DA:523,0
DA:524,0
DA:526,0
DA:527,0
DA:533,0
DA:534,0
DA:535,0
DA:536,0
DA:537,0
DA:542,0
DA:544,0
DA:545,0
DA:546,0
DA:547,0
DA:548,0
DA:549,0
DA:553,0
DA:564,1
DA:565,0
DA:566,0
DA:569,0
DA:573,0
DA:574,0
DA:575,0
DA:576,0
DA:577,0
DA:578,0
DA:579,0
DA:580,0
DA:581,0
DA:582,0
DA:583,0
DA:584,0
DA:586,0
DA:588,0
DA:589,0
DA:598,0
DA:599,0
DA:600,0
DA:601,0
DA:603,0
DA:607,0
DA:610,1
DA:614,0
DA:615,0
DA:616,0
DA:617,0
DA:618,0
DA:620,0
DA:622,0
DA:623,0
DA:625,0
DA:628,1
DA:629,1
DA:630,1
DA:631,0
DA:632,1
DA:633,1
DA:635,1
DA:638,1
DA:640,0
DA:641,0
DA:642,0
DA:644,0
DA:647,1
DA:648,0
DA:649,0
DA:650,0
DA:651,0
DA:656,44
DA:669,44
DA:671,44
DA:674,1
DA:675,1
DA:676,1
LF:360
LH:150
BRDA:38,1,0,0
BRDA:38,1,1,14
BRDA:38,2,0,14
BRDA:38,2,1,14
BRDA:153,3,0,0
BRDA:153,3,1,1
BRDA:162,4,0,0
BRDA:162,4,1,1
BRDA:171,5,0,0
BRDA:171,5,1,1
BRDA:174,6,0,0
BRDA:174,6,1,0
BRDA:180,7,0,0
BRDA:180,7,1,0
BRDA:211,8,0,0
BRDA:211,8,1,0
BRDA:233,9,0,0
BRDA:233,9,1,0
BRDA:246,10,0,15
BRDA:246,10,1,0
BRDA:256,11,0,1
BRDA:256,11,1,0
BRDA:259,12,0,0
BRDA:259,12,1,1
BRDA:260,13,0,0
BRDA:260,13,1,0
BRDA:260,14,0,0
BRDA:260,14,1,0
BRDA:262,15,0,0
BRDA:262,15,1,0
BRDA:274,16,0,0
BRDA:274,16,1,52
BRDA:277,17,0,39
BRDA:277,17,1,13
BRDA:280,18,0,39
BRDA:280,18,1,13
BRDA:283,19,0,38
BRDA:283,19,1,14
BRDA:286,20,0,38
BRDA:286,20,1,14
BRDA:289,21,0,51
BRDA:289,21,1,1
BRDA:292,22,0,52
BRDA:292,22,1,0
BRDA:295,23,0,51
BRDA:295,23,1,1
BRDA:298,24,0,51
BRDA:298,24,1,1
BRDA:301,25,0,52
BRDA:301,25,1,0
BRDA:324,26,0,0
BRDA:324,26,1,0
BRDA:325,27,0,0
BRDA:325,27,1,0
BRDA:325,28,0,0
BRDA:325,28,1,0
BRDA:331,29,0,0
BRDA:331,29,1,0
BRDA:331,30,0,0
BRDA:331,30,1,0
BRDA:334,31,0,0
BRDA:334,31,1,0
BRDA:334,32,0,0
BRDA:334,32,1,0
BRDA:343,33,0,0
BRDA:343,33,1,0
BRDA:348,34,0,0
BRDA:348,34,1,0
BRDA:352,35,0,0
BRDA:352,35,1,0
BRDA:367,36,0,1
BRDA:367,36,1,0
BRDA:368,37,0,0
BRDA:368,37,1,1
BRDA:373,38,0,0
BRDA:373,38,1,1
BRDA:374,39,0,0
BRDA:374,39,1,0
BRDA:374,40,0,0
BRDA:374,40,1,0
BRDA:378,41,0,0
BRDA:378,41,1,0
BRDA:383,42,0,0
BRDA:383,42,1,0
BRDA:383,43,0,0
BRDA:383,43,1,0
BRDA:386,44,0,0
BRDA:386,44,1,0
BRDA:387,45,0,0
BRDA:387,45,1,0
BRDA:406,46,0,0
BRDA:406,46,1,0
BRDA:429,47,0,0
BRDA:429,47,1,0
BRDA:432,48,0,0
BRDA:432,48,1,0
BRDA:437,49,0,0
BRDA:437,49,1,0
BRDA:454,50,0,0
BRDA:454,50,1,0
BRDA:459,51,0,1
BRDA:459,51,1,0
BRDA:469,52,0,0
BRDA:469,52,1,0
BRDA:471,53,0,0
BRDA:471,53,1,0
BRDA:472,54,0,0
BRDA:472,54,1,0
BRDA:480,55,0,0
BRDA:480,55,1,0
BRDA:487,56,0,0
BRDA:487,56,1,0
BRDA:498,57,0,0
BRDA:498,57,1,0
BRDA:509,58,0,0
BRDA:509,58,1,0
BRDA:509,59,0,0
BRDA:509,59,1,0
BRDA:515,60,0,0
BRDA:515,60,1,0
BRDA:518,61,0,0
BRDA:518,61,1,0
BRDA:522,62,0,0
BRDA:522,62,1,0
BRDA:533,63,0,0
BRDA:533,63,1,0
BRDA:534,64,0,0
BRDA:534,64,1,0
BRDA:534,65,0,0
BRDA:534,65,1,0
BRDA:536,66,0,0
BRDA:536,66,1,0
BRDA:547,67,0,0
BRDA:547,67,1,0
BRDA:565,68,0,0
BRDA:565,68,1,0
BRDA:582,69,0,0
BRDA:582,69,1,0
BRDA:583,70,0,0
BRDA:583,70,1,0
BRDA:600,71,0,0
BRDA:600,71,1,0
BRDA:615,72,0,0
BRDA:615,72,1,0
BRDA:615,73,0,0
BRDA:615,73,1,0
BRDA:616,74,0,0
BRDA:616,74,1,0
BRDA:617,75,0,0
BRDA:617,75,1,0
BRDA:618,76,0,0
BRDA:618,76,1,0
BRDA:618,77,0,0
BRDA:618,77,1,0
BRDA:618,77,2,0
BRDA:622,78,0,0
BRDA:622,78,1,0
BRDA:630,79,0,0
BRDA:630,79,1,1
BRDA:632,80,0,1
BRDA:632,80,1,0
BRDA:632,81,0,1
BRDA:632,81,1,0
BRDA:640,82,0,0
BRDA:640,82,1,0
BRDA:640,83,0,0
BRDA:640,83,1,0
BRDA:650,84,0,0
BRDA:650,84,1,0
BRF:169
BRH:34
end_of_record
TN:
SF:/home/pronaya/go/src/github.com/lucas-clemente/quic-go/example/ppd/server/dash.js/src/streaming/vo/TextTrackInfo.js
FN:42,_classCallCheck
FN:44,TextTrackInfo
FNF:2
FNH:1
FNDA:0,_classCallCheck
FNDA:0,TextTrackInfo
DA:37,1
DA:42,1
DA:44,1
DA:45,0
DA:47,0
DA:48,0
DA:49,0
DA:50,0
DA:51,0
DA:52,0
DA:53,0
DA:56,1
DA:57,1
LF:13
LH:5
BRDA:42,1,0,0
BRDA:42,1,1,0
BRF:2
BRH:2
end_of_record
TN:
SF:/home/pronaya/go/src/github.com/lucas-clemente/quic-go/example/ppd/server/dash.js/src/streaming/utils/BoxParser.js
FN:39,_interopRequireDefault
FN:61,BoxParser
FN:67,setup
FN:76,parse
FN:100,findLastTopIsoBoxCompleted
FN:139,getSamplesInfo
FN:234,getMediaTimescaleFromMoov
FN:241,parseUint32
FN:245,parseIsoBoxType
FN:249,findInitRange
FNF:10
FNH:10
FNDA:5,_interopRequireDefault
FNDA:40,BoxParser
FNDA:40,setup
FNDA:3,parse
FNDA:10,findLastTopIsoBoxCompleted
FNDA:1,getSamplesInfo
FNDA:1,getMediaTimescaleFromMoov
FNDA:14,parseUint32
FNDA:14,parseIsoBoxType
FNDA:2,findInitRange
DA:34,1
DA:39,5
DA:41,1
DA:43,1
DA:45,1
DA:47,1
DA:49,1
DA:51,1
DA:53,1
DA:55,1
DA:57,1
DA:59,1
DA:61,1
DA:63,40
DA:65,40
DA:67,1
DA:68,40
DA:76,1
DA:77,3
DA:79,1
DA:80,1
DA:83,1
DA:84,1
DA:86,1
DA:88,1
DA:100,1
DA:101,10
DA:102,7
DA:106,10
DA:107,4
DA:110,6
DA:111,6
DA:112,6
DA:113,6
DA:114,14
DA:115,14
DA:117,14
DA:118,0
DA:121,14
DA:122,12
DA:123,4
DA:125,8
DA:129,14
DA:132,6
DA:133,2
DA:136,4
DA:139,1
DA:140,1
DA:141,1
DA:143,0
DA:145,0
DA:147,0
DA:149,0
DA:167,0
DA:168,0
DA:169,0
DA:171,0
DA:172,0
DA:173,0
DA:174,0
DA:175,0
DA:177,0
DA:178,0
DA:179,0
DA:181,0
DA:183,0
DA:184,0
DA:186,0
DA:188,0
DA:189,0
DA:190,0
DA:191,0
DA:192,0
DA:194,0
DA:195,0
DA:196,0
DA:197,0
DA:198,0
DA:199,0
DA:207,0
DA:208,0
DA:209,0
DA:210,0
DA:211,0
DA:212,0
DA:214,0
DA:215,0
DA:216,0
DA:217,0
DA:218,0
DA:223,0
DA:224,0
DA:225,0
DA:228,0
DA:231,0
DA:234,1
DA:235,1
DA:236,1
DA:238,1
DA:241,1
DA:242,14
DA:245,1
DA:246,14
DA:249,1
DA:250,2
DA:251,2
DA:254,2
DA:256,2
DA:257,1
DA:260,1
DA:261,1
DA:263,1
DA:265,1
DA:266,1
DA:267,1
DA:268,1
DA:270,1
DA:273,1
DA:276,40
DA:284,40
DA:286,40
DA:288,1
DA:289,1
DA:290,1
LF:124
LH:77
BRDA:39,1,0,0
BRDA:39,1,1,5
BRDA:39,2,0,5
BRDA:39,2,1,5
BRDA:77,3,0,2
BRDA:77,3,1,1
BRDA:79,4,0,1
BRDA:79,4,1,0
BRDA:101,5,0,7
BRDA:101,5,1,3
BRDA:106,6,0,4
BRDA:106,6,1,6
BRDA:106,7,0,10
BRDA:106,7,1,9
BRDA:110,8,0,6
BRDA:110,8,1,0
BRDA:117,9,0,0
BRDA:117,9,1,14
BRDA:121,10,0,12
BRDA:121,10,1,2
BRDA:122,11,0,4
BRDA:122,11,1,8
BRDA:132,12,0,2
BRDA:132,12,1,4
BRDA:140,13,0,1
BRDA:140,13,1,0
BRDA:140,14,0,1
BRDA:140,14,1,0
BRDA:192,15,0,0
BRDA:192,15,1,0
BRDA:192,16,0,0
BRDA:192,16,1,0
BRDA:196,17,0,0
BRDA:196,17,1,0
BRDA:197,18,0,0
BRDA:197,18,1,0
BRDA:198,19,0,0
BRDA:198,19,1,0
BRDA:207,20,0,0
BRDA:207,20,1,0
BRDA:210,21,0,0
BRDA:210,21,1,0
BRDA:210,22,0,0
BRDA:210,22,1,0
BRDA:214,23,0,0
BRDA:214,23,1,0
BRDA:236,24,0,0
BRDA:236,24,1,1
BRDA:238,25,0,0
BRDA:238,25,1,1
BRDA:256,26,0,1
BRDA:256,26,1,1
BRDA:265,27,0,1
BRDA:265,27,1,0
BRDA:265,28,0,1
BRDA:265,28,1,1
BRDA:266,29,0,1
BRDA:266,29,1,0
BRF:58
BRH:31
end_of_record
TN:
SF:/home/pronaya/go/src/github.com/lucas-clemente/quic-go/example/ppd/server/dash.js/src/streaming/utils/IsoFile.js
FN:39,_interopRequireDefault
FN:49,IsoFile
FN:59,getBox
FN:70,getBoxes
FN:95,setData
FN:103,getLastBox
FN:112,convertToDashIsoBox
FNF:7
FNH:7
FNDA:2,_interopRequireDefault
FNDA:2,IsoFile
FNDA:9,getBox
FNDA:5,getBoxes
FNDA:8,setData
FNDA:3,getLastBox
FNDA:5,convertToDashIsoBox
DA:34,1
DA:39,2
DA:41,1
DA:43,1
DA:45,1
DA:47,1
DA:49,1
DA:51,2
DA:59,1
DA:60,9
DA:62,4
DA:70,1
DA:71,5
DA:73,5
DA:74,3
DA:77,2
DA:78,2
DA:80,2
DA:81,1
DA:83,1
DA:84,1
DA:88,2
DA:95,1
DA:96,8
DA:103,1
DA:104,3
DA:106,2
DA:107,2
DA:109,2
DA:112,1
DA:113,5
DA:115,4
DA:117,4
DA:118,0
DA:121,4
DA:124,2
DA:131,2
DA:133,1
DA:134,1
DA:135,1
LF:40
LH:39
BRDA:39,1,0,0
BRDA:39,1,1,2
BRDA:39,2,0,2
BRDA:39,2,1,2
BRDA:60,3,0,5
BRDA:60,3,1,4
BRDA:60,4,0,9
BRDA:60,4,1,8
BRDA:60,4,2,7
BRDA:60,4,3,6
BRDA:60,4,4,5
BRDA:73,5,0,3
BRDA:73,5,1,2
BRDA:73,6,0,5
BRDA:73,6,1,4
BRDA:73,6,2,3
BRDA:83,7,0,1
BRDA:83,7,1,0
BRDA:104,8,0,1
BRDA:104,8,1,2
BRDA:104,9,0,3
BRDA:104,9,1,2
BRDA:104,9,2,2
BRDA:109,10,0,1
BRDA:109,10,1,1
BRDA:113,11,0,1
BRDA:113,11,1,4
BRDA:117,12,0,0
BRDA:117,12,1,4
BRF:29
BRH:27
end_of_record
TN:
SF:/home/pronaya/go/src/github.com/lucas-clemente/quic-go/example/ppd/server/dash.js/src/streaming/vo/IsoBox.js
FN:42,(anonymous_1)
FN:42,defineProperties
FN:42,(anonymous_3)
FN:46,_classCallCheck
FN:48,(anonymous_5)
FN:49,IsoBox
FN:136,getChildBox
FN:145,getChildBoxes
FNF:8
FNH:6
FNDA:1,(anonymous_1)
FNDA:1,defineProperties
FNDA:1,(anonymous_3)
FNDA:28,_classCallCheck
FNDA:1,(anonymous_5)
FNDA:28,IsoBox
FNDA:0,getChildBox
FNDA:0,getChildBoxes
DA:37,1
DA:42,2
DA:46,28
DA:48,1
DA:49,1
DA:50,28
DA:52,28
DA:53,28
DA:54,28
DA:55,28
DA:56,28
DA:57,9
DA:58,24
DA:61,28
DA:63,28
DA:65,0
DA:66,0
DA:67,0
DA:68,0
DA:69,0
DA:70,0
DA:71,0
DA:72,0
DA:77,0
DA:80,0
DA:82,0
DA:83,0
DA:84,0
DA:85,0
DA:86,0
DA:87,0
DA:88,0
DA:89,0
DA:91,1
DA:92,1
DA:94,1
DA:95,1
DA:97,0
DA:98,0
DA:99,0
DA:101,0
DA:102,0
DA:103,0
DA:104,0
DA:105,0
DA:106,0
DA:107,0
DA:109,0
DA:110,0
DA:111,0
DA:112,0
DA:114,0
DA:115,0
DA:116,0
DA:117,0
DA:118,0
DA:119,0
DA:120,0
DA:121,0
DA:122,0
DA:127,0
DA:130,0
DA:134,1
DA:137,0
DA:138,0
DA:139,0
DA:146,0
DA:147,0
DA:148,0
DA:149,0
DA:152,0
DA:156,1
DA:159,1
DA:160,1
LF:74
LH:23
BRDA:42,1,0,2
BRDA:42,1,1,2
BRDA:42,2,0,2
BRDA:42,2,1,0
BRDA:42,3,0,1
BRDA:42,3,1,0
BRDA:42,4,0,0
BRDA:42,4,1,1
BRDA:46,5,0,0
BRDA:46,5,1,28
BRDA:56,6,0,9
BRDA:56,6,1,19
BRDA:63,7,0,0
BRDA:63,7,1,0
BRDA:63,7,2,1
BRDA:63,7,3,1
BRDA:63,7,4,0
BRDA:63,7,5,0
BRDA:63,7,6,0
BRDA:63,7,7,0
BRDA:69,8,0,0
BRDA:69,8,1,0
BRDA:86,9,0,0
BRDA:86,9,1,0
BRDA:119,10,0,0
BRDA:119,10,1,0
BRDA:138,11,0,0
BRDA:138,11,1,0
BRDA:148,12,0,0
BRDA:148,12,1,0
BRF:30
BRH:14
end_of_record
TN:
SF:/home/pronaya/go/src/github.com/lucas-clemente/quic-go/example/ppd/server/dash.js/src/streaming/vo/IsoBoxSearchInfo.js
FN:42,_classCallCheck
FN:44,IsoBoxSearchInfo
FNF:2
FNH:2
FNDA:10,_classCallCheck
FNDA:10,IsoBoxSearchInfo
DA:37,1
DA:42,10
DA:44,1
DA:45,10
DA:47,10
DA:48,10
DA:49,10
DA:52,1
DA:53,1
LF:9
LH:9
BRDA:42,1,0,0
BRDA:42,1,1,10
BRF:2
BRH:2
end_of_record
TN:
SF:/home/pronaya/go/src/github.com/lucas-clemente/quic-go/example/ppd/server/dash.js/src/streaming/utils/CustomTimeRanges.js
FN:38,_interopRequireDefault
FN:46,CustomTimeRanges
FN:50,add
FN:65,clear
FN:70,remove
FN:109,mergeRanges
FN:139,start
FN:149,end
FNF:8
FNH:6
FNDA:1,_interopRequireDefault
FNDA:1,CustomTimeRanges
FNDA:1,add
FNDA:1,clear
FNDA:0,remove
FNDA:0,mergeRanges
FNDA:3,start
FNDA:3,end
DA:33,1
DA:38,1
DA:40,1
DA:42,1
DA:44,1
DA:46,1
DA:47,1
DA:48,1
DA:50,1
DA:51,1
DA:53,1
DA:55,1
DA:57,1
DA:58,0
DA:59,0
DA:62,1
DA:65,1
DA:66,1
DA:67,1
DA:70,1
DA:71,0
DA:72,0
DA:81,0
DA:82,0
DA:83,0
DA:86,0
DA:87,0
DA:88,0
DA:89,0
DA:95,0
DA:96,0
DA:102,0
DA:106,0
DA:109,1
DA:110,0
DA:111,0
DA:113,0
DA:116,0
DA:117,0
DA:118,0
DA:119,0
DA:122,0
DA:123,0
DA:124,0
DA:125,0
DA:128,0
DA:129,0
DA:130,0
DA:133,0
DA:134,0
DA:136,0
DA:139,1
DA:140,3
DA:142,2
DA:143,1
DA:146,1
DA:149,1
DA:150,3
DA:152,2
DA:153,1
DA:156,1
DA:159,1
DA:170,1
DA:171,1
DA:172,1
LF:65
LH:33
BRDA:38,1,0,0
BRDA:38,1,1,1
BRDA:38,2,0,1
BRDA:38,2,1,1
BRDA:53,3,0,1
BRDA:53,3,1,0
BRDA:58,4,0,0
BRDA:58,4,1,0
BRDA:72,5,0,0
BRDA:72,5,1,0
BRDA:72,6,0,0
BRDA:72,6,1,0
BRDA:83,7,0,0
BRDA:83,7,1,0
BRDA:83,8,0,0
BRDA:83,8,1,0
BRDA:89,9,0,0
BRDA:89,9,1,0
BRDA:89,10,0,0
BRDA:89,10,1,0
BRDA:96,11,0,0
BRDA:96,11,1,0
BRDA:96,12,0,0
BRDA:96,12,1,0
BRDA:113,13,0,0
BRDA:113,13,1,0
BRDA:113,14,0,0
BRDA:113,14,1,0
BRDA:113,14,2,0
BRDA:119,15,0,0
BRDA:119,15,1,0
BRDA:119,16,0,0
BRDA:119,16,1,0
BRDA:119,16,2,0
BRDA:125,17,0,0
BRDA:125,17,1,0
BRDA:125,18,0,0
BRDA:125,18,1,0
BRDA:125,18,2,0
BRDA:130,19,0,0
BRDA:130,19,1,0
BRDA:130,20,0,0
BRDA:130,20,1,0
BRDA:130,20,2,0
BRDA:142,21,0,1
BRDA:142,21,1,1
BRDA:142,22,0,2
BRDA:142,22,1,1
BRDA:152,23,0,1
BRDA:152,23,1,1
BRDA:152,24,0,2
BRDA:152,24,1,1
BRF:52
BRH:13
end_of_record
TN:
SF:/home/pronaya/go/src/github.com/lucas-clemente/quic-go/example/ppd/server/dash.js/src/streaming/utils/SupervisorTools.js
FN:42,_interopRequireDefault
FN:48,checkParameterType
FN:54,checkInteger
FN:62,checkRange
FN:68,checkIsVideoOrAudioType
FNF:5
FNH:3
FNDA:1,_interopRequireDefault
FNDA:85,checkParameterType
FNDA:17,checkInteger
FNDA:0,checkRange
FNDA:0,checkIsVideoOrAudioType
DA:33,1
DA:36,1
DA:37,1
DA:38,1
DA:39,1
DA:42,1
DA:44,1
DA:46,1
DA:48,1
DA:49,85
DA:50,29
DA:54,1
DA:55,17
DA:57,17
DA:58,8
DA:62,1
DA:63,0
DA:64,0
DA:68,1
DA:69,0
DA:70,0
LF:21
LH:17
BRDA:42,1,0,0
BRDA:42,1,1,1
BRDA:42,2,0,1
BRDA:42,2,1,1
BRDA:49,3,0,29
BRDA:49,3,1,56
BRDA:55,4,0,17
BRDA:55,4,1,16
BRDA:55,4,2,10
BRDA:57,5,0,8
BRDA:57,5,1,9
BRDA:63,6,0,0
BRDA:63,6,1,0
BRDA:63,7,0,0
BRDA:63,7,1,0
BRDA:69,8,0,0
BRDA:69,8,1,0
BRDA:69,9,0,0
BRDA:69,9,1,0
BRDA:69,9,2,0
BRF:20
BRH:11
end_of_record
TN:
SF:/home/pronaya/go/src/github.com/lucas-clemente/quic-go/example/ppd/server/dash.js/src/streaming/text/TextTracks.js
FN:38,_interopRequireDefault
FN:64,TextTracks
FN:87,setup
FN:91,initialize
FN:123,createTrackForUserAgent
FN:133,setDisplayCConTop
FN:142,addTextTrack
FN:155,(anonymous_8)
FN:156,(anonymous_9)
FN:193,(anonymous_10)
FN:195,onMetadataLoaded
FN:222,getVideoVisibleVideoSize
FN:270,checkVideoSize
FN:326,scaleCue
FN:404,renderCaption
FN:408,(anonymous_16)
FN:425,(anonymous_17)
FN:437,addCaptions
FN:475,(anonymous_19)
FN:488,(anonymous_20)
FN:517,(anonymous_21)
FN:540,getTrackByIdx
FN:544,getCurrentTrackIdx
FN:548,getTrackIdxForId
FN:560,setCurrentTrackIdx
FN:579,setCueStyleOnTrack
FN:592,cueInRange
FN:596,deleteTrackCues
FN:609,deleteCuesFromTrackIdx
FN:616,deleteAllTextTracks
FN:635,deleteTextTrack
FN:641,setNativeCueStyle
FN:668,removeNativeCueStyle
FN:675,clearCaptionContainer
FN:683,setConfig
FN:692,setModeForTrackIdx
FN:699,getCurrentTrackInfo
FNF:37
FNH:26
FNDA:5,_interopRequireDefault
FNDA:45,TextTracks
FNDA:45,setup
FNDA:49,initialize
FNDA:12,createTrackForUserAgent
FNDA:3,setDisplayCConTop
FNDA:12,addTextTrack
FNDA:7,(anonymous_8)
FNDA:5,(anonymous_9)
FNDA:7,(anonymous_10)
FNDA:0,onMetadataLoaded
FNDA:8,getVideoVisibleVideoSize
FNDA:8,checkVideoSize
FNDA:0,scaleCue
FNDA:0,renderCaption
FNDA:0,(anonymous_16)
FNDA:0,(anonymous_17)
FNDA:13,addCaptions
FNDA:0,(anonymous_19)
FNDA:0,(anonymous_20)
FNDA:0,(anonymous_21)
FNDA:74,getTrackByIdx
FNDA:12,getCurrentTrackIdx
FNDA:1,getTrackIdxForId
FNDA:13,setCurrentTrackIdx
FNDA:13,setCueStyleOnTrack
FNDA:0,cueInRange
FNDA:12,deleteTrackCues
FNDA:0,deleteCuesFromTrackIdx
FNDA:32,deleteAllTextTracks
FNDA:0,deleteTextTrack
FNDA:8,setNativeCueStyle
FNDA:5,removeNativeCueStyle
FNDA:45,clearCaptionContainer
FNDA:19,setConfig
FNDA:12,setModeForTrackIdx
FNDA:6,getCurrentTrackInfo
DA:33,1
DA:38,5
DA:40,1
DA:42,1
DA:44,1
DA:46,1
DA:48,1
DA:50,1
DA:52,1
DA:54,1
DA:56,1
DA:58,1
DA:60,1
DA:62,1
DA:64,1
DA:66,45
DA:67,45
DA:69,45
DA:87,1
DA:88,45
DA:91,1
DA:92,49
DA:93,45
DA:96,4
DA:97,4
DA:98,4
DA:99,4
DA:100,4
DA:101,4
DA:102,4
DA:103,4
DA:104,4
DA:105,4
DA:106,4
DA:107,4
DA:108,4
DA:110,4
DA:111,0
DA:112,4
DA:113,0
DA:114,4
DA:116,0
DA:117,4
DA:119,0
DA:123,1
DA:124,12
DA:125,12
DA:126,12
DA:127,12
DA:128,12
DA:129,12
DA:130,12
DA:133,1
DA:134,3
DA:135,0
DA:136,0
DA:137,0
DA:139,0
DA:142,1
DA:145,12
DA:147,12
DA:148,0
DA:149,0
DA:152,12
DA:154,12
DA:155,7
DA:156,7
DA:158,5
DA:160,7
DA:161,7
DA:162,7
DA:163,12
DA:164,12
DA:166,12
DA:170,7
DA:171,7
DA:174,12
DA:175,12
DA:178,12
DA:179,12
DA:180,12
DA:182,0
DA:185,12
DA:186,12
DA:190,7
DA:192,7
DA:193,7
DA:195,7
DA:196,0
DA:197,0
DA:198,0
DA:200,0
DA:203,7
DA:205,7
DA:206,12
DA:207,12
DA:208,12
DA:214,7
DA:222,1
DA:223,8
DA:224,8
DA:226,8
DA:227,8
DA:229,8
DA:230,0
DA:231,0
DA:233,8
DA:234,8
DA:237,8
DA:238,8
DA:239,8
DA:240,8
DA:241,8
DA:243,8
DA:244,0
DA:245,0
DA:247,8
DA:248,8
DA:250,8
DA:251,8
DA:253,8
DA:254,0
DA:261,8
DA:270,1
DA:271,8
DA:272,8
DA:273,8
DA:274,8
DA:275,8
DA:276,8
DA:278,8
DA:280,8
DA:281,8
DA:282,8
DA:284,0
DA:285,0
DA:288,8
DA:290,8
DA:291,8
DA:292,8
DA:293,8
DA:295,8
DA:296,8
DA:297,8
DA:298,8
DA:299,8
DA:301,8
DA:302,8
DA:303,8
DA:304,0
DA:305,0
DA:306,0
DA:307,0
DA:308,0
DA:309,0
DA:314,8
DA:315,8
DA:316,0
DA:317,0
DA:318,0
DA:319,0
DA:326,1
DA:327,0
DA:328,0
DA:329,0
DA:335,0
DA:336,0
DA:337,0
DA:338,0
DA:339,0
DA:340,0
DA:341,0
DA:343,0
DA:344,0
DA:345,0
DA:346,0
DA:352,0
DA:353,0
DA:354,0
DA:355,0
DA:356,0
DA:357,0
DA:358,0
DA:361,0
DA:363,0
DA:364,0
DA:366,0
DA:369,0
DA:370,0
DA:375,0
DA:376,0
DA:377,0
DA:378,0
DA:379,0
DA:380,0
DA:381,0
DA:384,0
DA:385,0
DA:386,0
DA:387,0
DA:395,0
DA:396,0
DA:397,0
DA:398,0
DA:400,0
DA:404,1
DA:405,0
DA:406,0
DA:407,0
DA:408,0
DA:409,0
DA:410,0
DA:411,0
DA:412,0
DA:413,0
DA:414,0
DA:415,0
DA:416,0
DA:417,0
DA:418,0
DA:419,0
DA:420,0
DA:421,0
DA:423,0
DA:426,0
DA:429,0
DA:430,0
DA:437,1
DA:438,13
DA:439,13
DA:441,13
DA:442,0
DA:445,13
DA:446,12
DA:449,1
DA:450,1
DA:451,1
DA:453,1
DA:454,1
DA:456,1
DA:457,0
DA:458,0
DA:459,0
DA:460,0
DA:461,0
DA:462,0
DA:463,0
DA:465,0
DA:466,0
DA:467,0
DA:468,0
DA:470,0
DA:471,0
DA:472,0
DA:473,0
DA:475,0
DA:476,0
DA:477,0
DA:478,0
DA:479,0
DA:481,0
DA:482,0
DA:483,0
DA:488,0
DA:489,0
DA:490,0
DA:491,0
DA:492,0
DA:493,0
DA:494,0
DA:495,0
DA:501,1
DA:502,1
DA:503,1
DA:504,0
DA:505,0
DA:507,0
DA:508,0
DA:510,0
DA:511,0
DA:513,0
DA:514,0
DA:517,1
DA:518,0
DA:519,0
DA:524,1
DA:525,1
DA:526,1
DA:528,0
DA:533,0
DA:534,0
DA:535,0
DA:540,1
DA:541,74
DA:544,1
DA:545,12
DA:548,1
DA:549,1
DA:550,1
DA:551,0
DA:552,0
DA:553,0
DA:557,1
DA:560,1
DA:561,13
DA:562,0
DA:564,13
DA:565,13
DA:566,13
DA:568,13
DA:569,2
DA:570,2
DA:573,13
DA:574,8
DA:575,8
DA:579,1
DA:580,13
DA:581,13
DA:582,8
DA:583,8
DA:585,0
DA:588,5
DA:592,1
DA:593,0
DA:596,1
DA:597,12
DA:598,0
DA:599,0
DA:601,0
DA:602,0
DA:603,0
DA:609,1
DA:610,0
DA:611,0
DA:612,0
DA:616,1
DA:617,32
DA:618,32
DA:619,12
DA:620,12
DA:621,12
DA:622,12
DA:625,32
DA:626,32
DA:627,32
DA:628,6
DA:629,6
DA:631,32
DA:632,32
DA:635,1
DA:636,0
DA:637,0
DA:641,1
DA:642,8
DA:643,8
DA:644,6
DA:647,2
DA:648,2
DA:649,2
DA:650,2
DA:651,2
DA:652,2
DA:653,2
DA:654,2
DA:655,0
DA:656,2
DA:657,0
DA:659,0
DA:663,2
DA:668,1
DA:669,5
DA:670,5
DA:671,5
DA:675,1
DA:676,45
DA:677,31
DA:678,0
DA:683,1
DA:684,19
DA:685,0
DA:687,19
DA:688,17
DA:692,1
DA:693,12
DA:694,12
DA:695,1
DA:699,1
DA:700,6
DA:703,45
DA:719,45
DA:721,45
DA:724,1
DA:725,1
DA:726,1
LF:394
LH:231
BRDA:38,1,0,0
BRDA:38,1,1,5
BRDA:38,2,0,5
BRDA:38,2,1,5
BRDA:92,3,0,45
BRDA:92,3,1,4
BRDA:92,4,0,49
BRDA:92,4,1,4
BRDA:96,5,0,4
BRDA:96,5,1,4
BRDA:110,6,0,0
BRDA:110,6,1,4
BRDA:112,7,0,0
BRDA:112,7,1,4
BRDA:114,8,0,0
BRDA:114,8,1,4
BRDA:117,9,0,0
BRDA:117,9,1,4
BRDA:125,10,0,1
BRDA:125,10,1,11
BRDA:136,11,0,0
BRDA:136,11,1,0
BRDA:136,12,0,0
BRDA:136,12,1,0
BRDA:139,13,0,0
BRDA:139,13,1,0
BRDA:147,14,0,0
BRDA:147,14,1,12
BRDA:154,15,0,7
BRDA:154,15,1,5
BRDA:166,16,0,7
BRDA:166,16,1,5
BRDA:175,17,0,12
BRDA:175,17,1,0
BRDA:179,18,0,12
BRDA:179,18,1,0
BRDA:179,19,0,12
BRDA:179,19,1,12
BRDA:179,19,2,0
BRDA:192,20,0,7
BRDA:192,20,1,0
BRDA:197,21,0,0
BRDA:197,21,1,0
BRDA:207,22,0,12
BRDA:207,22,1,0
BRDA:208,23,0,7
BRDA:208,23,1,5
BRDA:229,24,0,0
BRDA:229,24,1,8
BRDA:243,25,0,0
BRDA:243,25,1,8
BRDA:253,26,0,0
BRDA:253,26,1,8
BRDA:278,27,0,8
BRDA:278,27,1,0
BRDA:278,28,0,8
BRDA:278,28,1,8
BRDA:282,29,0,0
BRDA:282,29,1,8
BRDA:295,30,0,8
BRDA:295,30,1,0
BRDA:295,31,0,8
BRDA:295,31,1,5
BRDA:295,31,2,5
BRDA:295,31,3,5
BRDA:295,31,4,5
BRDA:301,32,0,8
BRDA:301,32,1,0
BRDA:303,33,0,0
BRDA:303,33,1,8
BRDA:308,34,0,0
BRDA:308,34,1,0
BRDA:308,35,0,0
BRDA:308,35,1,0
BRDA:308,35,2,0
BRDA:315,36,0,0
BRDA:315,36,1,8
BRDA:335,37,0,0
BRDA:335,37,1,0
BRDA:337,38,0,0
BRDA:337,38,1,0
BRDA:339,39,0,0
BRDA:339,39,1,0
BRDA:352,40,0,0
BRDA:352,40,1,0
BRDA:354,41,0,0
BRDA:354,41,1,0
BRDA:355,42,0,0
BRDA:355,42,1,0
BRDA:357,43,0,0
BRDA:357,43,1,0
BRDA:363,44,0,0
BRDA:363,44,1,0
BRDA:375,45,0,0
BRDA:375,45,1,0
BRDA:377,46,0,0
BRDA:377,46,1,0
BRDA:378,47,0,0
BRDA:378,47,1,0
BRDA:380,48,0,0
BRDA:380,48,1,0
BRDA:395,49,0,0
BRDA:395,49,1,0
BRDA:397,50,0,0
BRDA:397,50,1,0
BRDA:405,51,0,0
BRDA:405,51,1,0
BRDA:411,52,0,0
BRDA:411,52,1,0
BRDA:417,53,0,0
BRDA:417,53,1,0
BRDA:441,54,0,0
BRDA:441,54,1,13
BRDA:445,55,0,12
BRDA:445,55,1,1
BRDA:445,56,0,13
BRDA:445,56,1,1
BRDA:456,57,0,0
BRDA:456,57,1,1
BRDA:456,58,0,1
BRDA:456,58,1,0
BRDA:476,59,0,0
BRDA:476,59,1,0
BRDA:477,60,0,0
BRDA:477,60,1,0
BRDA:489,61,0,0
BRDA:489,61,1,0
BRDA:492,62,0,0
BRDA:492,62,1,0
BRDA:501,63,0,1
BRDA:501,63,1,0
BRDA:503,64,0,0
BRDA:503,64,1,1
BRDA:504,65,0,0
BRDA:504,65,1,0
BRDA:504,66,0,0
BRDA:504,66,1,0
BRDA:507,67,0,0
BRDA:507,67,1,0
BRDA:507,68,0,0
BRDA:507,68,1,0
BRDA:510,69,0,0
BRDA:510,69,1,0
BRDA:510,70,0,0
BRDA:510,70,1,0
BRDA:513,71,0,0
BRDA:513,71,1,0
BRDA:513,72,0,0
BRDA:513,72,1,0
BRDA:518,73,0,0
BRDA:518,73,1,0
BRDA:525,74,0,1
BRDA:525,74,1,0
BRDA:541,75,0,60
BRDA:541,75,1,14
BRDA:541,76,0,74
BRDA:541,76,1,65
BRDA:551,77,0,0
BRDA:551,77,1,0
BRDA:561,78,0,0
BRDA:561,78,1,13
BRDA:568,79,0,2
BRDA:568,79,1,11
BRDA:573,80,0,8
BRDA:573,80,1,5
BRDA:573,81,0,13
BRDA:573,81,1,8
BRDA:581,82,0,8
BRDA:581,82,1,5
BRDA:582,83,0,8
BRDA:582,83,1,0
BRDA:593,84,0,0
BRDA:593,84,1,0
BRDA:593,84,2,0
BRDA:593,84,3,0
BRDA:597,85,0,0
BRDA:597,85,1,12
BRDA:602,86,0,0
BRDA:602,86,1,0
BRDA:611,87,0,0
BRDA:611,87,1,0
BRDA:617,88,0,29
BRDA:617,88,1,3
BRDA:620,89,0,12
BRDA:620,89,1,0
BRDA:627,90,0,6
BRDA:627,90,1,26
BRDA:643,91,0,6
BRDA:643,91,1,2
BRDA:653,92,0,2
BRDA:653,92,1,0
BRDA:654,93,0,0
BRDA:654,93,1,2
BRDA:656,94,0,0
BRDA:656,94,1,0
BRDA:670,95,0,5
BRDA:670,95,1,0
BRDA:676,96,0,31
BRDA:676,96,1,14
BRDA:684,97,0,0
BRDA:684,97,1,19
BRDA:687,98,0,17
BRDA:687,98,1,2
BRDA:694,99,0,1
BRDA:694,99,1,11
BRDA:694,100,0,12
BRDA:694,100,1,3
BRF:207
BRH:89
end_of_record
TN:
SF:/home/pronaya/go/src/github.com/lucas-clemente/quic-go/example/ppd/server/dash.js/src/streaming/text/EmbeddedTextHtmlRender.js
FN:38,_interopRequireDefault
FN:44,EmbeddedTextHtmlRender
FN:50,checkIndent
FN:63,getRegionProperties
FN:67,createRGB
FN:88,getStyle
FN:97,ltrim
FN:101,rtrim
FN:105,createHTMLCaptionsFromScreen
FNF:9
FNH:2
FNDA:1,_interopRequireDefault
FNDA:1,EmbeddedTextHtmlRender
FNDA:0,checkIndent
FNDA:0,getRegionProperties
FNDA:0,createRGB
FNDA:0,getStyle
FNDA:0,ltrim
FNDA:0,rtrim
FNDA:0,createHTMLCaptionsFromScreen
DA:33,1
DA:38,1
DA:40,1
DA:42,1
DA:44,1
DA:46,1
DA:47,1
DA:50,1
DA:51,0
DA:53,0
DA:54,0
DA:55,0
DA:58,0
DA:59,0
DA:60,0
DA:63,1
DA:64,0
DA:67,1
DA:68,0
DA:69,0
DA:70,0
DA:71,0
DA:72,0
DA:73,0
DA:74,0
DA:75,0
DA:76,0
DA:77,0
DA:78,0
DA:79,0
DA:80,0
DA:81,0
DA:82,0
DA:83,0
DA:85,0
DA:88,1
DA:89,0
DA:90,0
DA:91,0
DA:93,0
DA:97,1
DA:98,0
DA:101,1
DA:102,0
DA:105,1
DA:106,0
DA:107,0
DA:108,0
DA:109,0
DA:110,0
DA:111,0
DA:112,0
DA:113,0
DA:114,0
DA:115,0
DA:118,0
DA:119,0
DA:120,0
DA:121,0
DA:123,0
DA:127,0
DA:130,0
DA:131,0
DA:135,0
DA:136,0
DA:137,0
DA:138,0
DA:139,0
DA:140,0
DA:141,0
DA:142,0
DA:144,0
DA:145,0
DA:148,0
DA:151,0
DA:152,0
DA:153,0
DA:154,0
DA:155,0
DA:156,0
DA:157,0
DA:160,0
DA:161,0
DA:162,0
DA:164,0
DA:165,0
DA:168,0
DA:169,0
DA:172,0
DA:174,0
DA:177,0
DA:180,0
DA:181,0
DA:184,0
DA:185,0
DA:188,0
DA:189,0
DA:191,0
DA:192,0
DA:193,0
DA:194,0
DA:195,0
DA:196,0
DA:197,0
DA:198,0
DA:200,0
DA:201,0
DA:204,0
DA:209,0
DA:210,0
DA:211,0
DA:212,0
DA:213,0
DA:214,0
DA:215,0
DA:217,0
DA:218,0
DA:221,0
DA:224,0
DA:227,0
DA:228,0
DA:230,0
DA:231,0
DA:232,0
DA:233,0
DA:234,0
DA:236,0
DA:237,0
DA:238,0
DA:240,0
DA:241,0
DA:242,0
DA:244,0
DA:245,0
DA:246,0
DA:247,0
DA:248,0
DA:249,0
DA:250,0
DA:251,0
DA:252,0
DA:253,0
DA:255,0
DA:256,0
DA:257,0
DA:259,0
DA:260,0
DA:261,0
DA:262,0
DA:263,0
DA:266,0
DA:268,0
DA:270,0
DA:273,0
DA:277,0
DA:279,0
DA:281,0
DA:284,0
DA:287,0
DA:290,0
DA:295,0
DA:296,0
DA:298,0
DA:299,0
DA:300,0
DA:301,0
DA:305,0
DA:317,0
DA:320,1
DA:323,1
DA:326,1
DA:327,1
DA:328,1
LF:173
LH:19
BRDA:38,1,0,0
BRDA:38,1,1,1
BRDA:38,2,0,1
BRDA:38,2,1,1
BRDA:68,3,0,0
BRDA:68,3,1,0
BRDA:70,4,0,0
BRDA:70,4,1,0
BRDA:72,5,0,0
BRDA:72,5,1,0
BRDA:74,6,0,0
BRDA:74,6,1,0
BRDA:76,7,0,0
BRDA:76,7,1,0
BRDA:78,8,0,0
BRDA:78,8,1,0
BRDA:80,9,0,0
BRDA:80,9,1,0
BRDA:82,10,0,0
BRDA:82,10,1,0
BRDA:90,11,0,0
BRDA:90,11,1,0
BRDA:91,12,0,0
BRDA:91,12,1,0
BRDA:91,13,0,0
BRDA:91,13,1,0
BRDA:91,14,0,0
BRDA:91,14,1,0
BRDA:91,15,0,0
BRDA:91,15,1,0
BRDA:123,16,0,0
BRDA:123,16,1,0
BRDA:130,17,0,0
BRDA:130,17,1,0
BRDA:135,18,0,0
BRDA:135,18,1,0
BRDA:135,19,0,0
BRDA:135,19,1,0
BRDA:140,20,0,0
BRDA:140,20,1,0
BRDA:154,21,0,0
BRDA:154,21,1,0
BRDA:154,22,0,0
BRDA:154,22,1,0
BRDA:155,23,0,0
BRDA:155,23,1,0
BRDA:161,24,0,0
BRDA:161,24,1,0
BRDA:164,25,0,0
BRDA:164,25,1,0
BRDA:168,26,0,0
BRDA:168,26,1,0
BRDA:180,27,0,0
BRDA:180,27,1,0
BRDA:191,28,0,0
BRDA:191,28,1,0
BRDA:196,29,0,0
BRDA:196,29,1,0
BRDA:209,30,0,0
BRDA:209,30,1,0
BRDA:213,31,0,0
BRDA:213,31,1,0
BRDA:249,32,0,0
BRDA:249,32,1,0
BRDA:250,33,0,0
BRDA:250,33,1,0
BRDA:250,34,0,0
BRDA:250,34,1,0
BRDA:256,35,0,0
BRDA:256,35,1,0
BRDA:266,36,0,0
BRDA:266,36,1,0
BRDA:266,37,0,0
BRDA:266,37,1,0
BRDA:268,38,0,0
BRDA:268,38,1,0
BRDA:277,39,0,0
BRDA:277,39,1,0
BRDA:277,40,0,0
BRDA:277,40,1,0
BRDA:279,41,0,0
BRDA:279,41,1,0
BRDA:300,42,0,0
BRDA:300,42,1,0
BRF:84
BRH:4
end_of_record
TN:
SF:/home/pronaya/go/src/github.com/lucas-clemente/quic-go/example/ppd/server/dash.js/src/core/errors/Errors.js
FN:38,get
FN:42,_interopRequireDefault
FN:46,_classCallCheck
FN:50,_inherits
FN:61,(anonymous_5)
FN:64,Errors
FNF:6
FNH:6
FNDA:1,get
FNDA:1,_interopRequireDefault
FNDA:1,_classCallCheck
FNDA:1,_inherits
FNDA:1,(anonymous_5)
FNDA:1,Errors
DA:33,1
DA:38,1
DA:42,1
DA:46,1
DA:50,1
DA:52,1
DA:54,1
DA:61,1
DA:62,1
DA:64,1
DA:65,1
DA:67,1
DA:71,1
DA:75,1
DA:79,1
DA:83,1
DA:84,1
DA:85,1
DA:86,1
DA:87,1
DA:88,1
DA:89,1
DA:90,1
DA:91,1
DA:92,1
DA:96,1
DA:100,1
DA:102,1
DA:104,1
DA:105,1
DA:107,1
DA:109,1
DA:111,1
DA:112,1
DA:117,1
DA:121,1
DA:125,1
DA:129,1
DA:131,1
DA:132,1
DA:133,1
DA:134,1
DA:135,1
DA:136,1
DA:137,1
DA:138,1
DA:139,1
DA:140,1
DA:141,1
DA:142,1
DA:144,1
DA:145,1
DA:146,1
DA:147,1
DA:150,1
DA:153,1
DA:154,1
DA:155,1
LF:58
LH:58
BRDA:38,1,0,0
BRDA:38,1,1,1
BRDA:38,2,0,0
BRDA:38,2,1,1
BRDA:38,3,0,0
BRDA:38,3,1,0
BRDA:38,4,0,1
BRDA:38,4,1,0
BRDA:38,5,0,0
BRDA:38,5,1,0
BRDA:42,6,0,0
BRDA:42,6,1,1
BRDA:42,7,0,1
BRDA:42,7,1,1
BRDA:46,8,0,0
BRDA:46,8,1,1
BRDA:50,9,0,0
BRDA:50,9,1,1
BRDA:50,10,0,1
BRDA:50,10,1,0
BRDA:50,11,0,1
BRDA:50,11,1,1
BRDA:50,12,0,1
BRDA:50,12,1,0
BRDA:50,13,0,1
BRDA:50,13,1,0
BRF:26
BRH:26
end_of_record
TN:
SF:/home/pronaya/go/src/github.com/lucas-clemente/quic-go/example/ppd/server/dash.js/src/core/errors/ErrorsBase.js
FN:42,(anonymous_1)
FN:42,defineProperties
FN:42,(anonymous_3)
FN:46,_classCallCheck
FN:48,(anonymous_5)
FN:49,ErrorsBase
FN:55,extend
FNF:7
FNH:6
FNDA:1,(anonymous_1)
FNDA:1,defineProperties
FNDA:1,(anonymous_3)
FNDA:3,_classCallCheck
FNDA:1,(anonymous_5)
FNDA:3,ErrorsBase
FNDA:0,extend
DA:37,1
DA:42,1
DA:46,3
DA:48,1
DA:49,1
DA:50,3
DA:53,1
DA:56,0
DA:58,0
DA:59,0
DA:61,0
DA:62,0
DA:63,0
DA:64,0
DA:69,1
DA:72,1
DA:73,1
LF:17
LH:10
BRDA:42,1,0,1
BRDA:42,1,1,1
BRDA:42,2,0,1
BRDA:42,2,1,0
BRDA:42,3,0,1
BRDA:42,3,1,0
BRDA:42,4,0,0
BRDA:42,4,1,1
BRDA:46,5,0,0
BRDA:46,5,1,3
BRDA:56,6,0,0
BRDA:56,6,1,0
BRDA:58,7,0,0
BRDA:58,7,1,0
BRDA:59,8,0,0
BRDA:59,8,1,0
BRDA:62,9,0,0
BRDA:62,9,1,0
BRDA:62,10,0,0
BRDA:62,10,1,0
BRDA:62,10,2,0
BRDA:63,11,0,0
BRDA:63,11,1,0
BRDA:63,12,0,0
BRDA:63,12,1,0
BRF:25
BRH:10
end_of_record
TN:
SF:/home/pronaya/go/src/github.com/lucas-clemente/quic-go/example/ppd/server/dash.js/src/streaming/utils/VTTParser.js
FN:38,_interopRequireDefault
FN:50,VTTParser
FN:60,setup
FN:68,parse
FN:116,convertCuePointTimes
FN:129,parseItemAttributes
FN:138,getCaptionStyles
FN:140,(anonymous_8)
FN:167,getSublines
FNF:9
FNH:8
FNDA:2,_interopRequireDefault
FNDA:44,VTTParser
FNDA:44,setup
FNDA:2,parse
FNDA:16,convertCuePointTimes
FNDA:8,parseItemAttributes
FNDA:8,getCaptionStyles
FNDA:0,(anonymous_8)
FNDA:8,getSublines
DA:33,1
DA:38,2
DA:40,1
DA:42,1
DA:44,1
DA:46,1
DA:48,1
DA:50,1
DA:51,44
DA:53,44
DA:60,1
DA:61,44
DA:62,44
DA:63,44
DA:64,44
DA:65,44
DA:68,1
DA:69,2
DA:70,2
DA:73,2
DA:74,1
DA:77,1
DA:78,1
DA:79,1
DA:81,1
DA:82,33
DA:84,33
DA:85,24
DA:86,8
DA:87,8
DA:88,8
DA:89,8
DA:90,8
DA:91,8
DA:93,8
DA:94,8
DA:95,8
DA:97,8
DA:104,0
DA:107,0
DA:113,1
DA:116,1
DA:117,16
DA:118,16
DA:120,16
DA:122,16
DA:123,16
DA:126,16
DA:129,1
DA:130,8
DA:131,8
DA:132,8
DA:133,8
DA:134,8
DA:135,8
DA:138,1
DA:139,8
DA:140,8
DA:141,0
DA:142,0
DA:143,0
DA:144,0
DA:146,0
DA:147,0
DA:149,0
DA:150,0
DA:152,0
DA:153,0
DA:155,0
DA:156,0
DA:161,8
DA:167,1
DA:168,8
DA:170,8
DA:171,8
DA:172,8
DA:174,8
DA:175,8
DA:178,8
DA:179,8
DA:180,0
DA:181,0
DA:182,0
DA:183,0
DA:184,0
DA:185,0
DA:189,0
DA:190,0
DA:194,8
DA:195,8
DA:197,8
DA:200,44
DA:204,44
DA:205,44
DA:207,1
DA:208,1
DA:209,1
LF:97
LH:75
BRDA:38,1,0,0
BRDA:38,1,1,2
BRDA:38,2,0,2
BRDA:38,2,1,2
BRDA:73,3,0,1
BRDA:73,3,1,1
BRDA:84,4,0,24
BRDA:84,4,1,9
[...]
FN:801,setKeySystems
FNF:47
FNH:23
FNDA:5,_interopRequireDefault
FNDA:14,ProtectionController
FNDA:14,setup
FNDA:31,checkConfig
FNDA:4,initializeForMedia
FNDA:2,getSupportedKeySystemsFromContentProtection
FNDA:1,createKeySession
FNDA:1,loadKeySession
FNDA:1,removeKeySession
FNDA:1,closeKeySession
FNDA:2,setServerCertificate
FNDA:7,setMediaElement
FNDA:0,setSessionType
FNDA:0,setRobustnessLevel
FNDA:0,setProtectionData
FNDA:0,stop
FNDA:14,reset
FNDA:0,(anonymous_18)
FNDA:6,getProtData
FNDA:2,getKeySystemConfiguration
FNDA:2,(anonymous_21)
FNDA:2,getSessionType
FNDA:2,selectKeySystem
FNDA:0,(anonymous_24)
FNDA:0,(anonymous_25)
FNDA:0,onKeySystemAccessComplete
FNDA:2,(anonymous_27)
FNDA:0,onKeySystemAccessComplete
FNDA:0,onKeySystemSelected
FNDA:1,sendLicenseRequestCompleteEvent
FNDA:0,onKeyStatusChanged
FNDA:1,onKeyMessage
FNDA:0,updateHeaders
FNDA:0,reportError
FNDA:0,onLoad
FNDA:0,onAbort
FNDA:0,onError
FNDA:0,doLicenseRequest
FNDA:0,retryRequest
FNDA:0,(anonymous_40)
FNDA:0,(anonymous_41)
FNDA:0,(anonymous_42)
FNDA:0,(anonymous_43)
FNDA:1,onNeedKey
FNDA:0,(anonymous_45)
FNDA:1,getKeySystems
FNDA:0,setKeySystems
DA:34,1
DA:39,5
DA:41,1
DA:43,1
DA:45,1
DA:47,1
DA:49,1
DA:51,1
DA:53,1
DA:55,1
DA:57,1
DA:59,1
DA:61,1
DA:62,1
DA:64,1
DA:65,1
DA:66,1
DA:82,1
DA:84,14
DA:85,14
DA:86,14
DA:87,14
DA:88,14
DA:89,14
DA:90,14
DA:91,14
DA:92,14
DA:94,14
DA:103,1
DA:104,14
DA:105,14
DA:106,14
DA:107,14
DA:108,14
DA:111,1
DA:112,31
DA:113,16
DA:129,1
DA:134,4
DA:135,1
DA:138,3
DA:140,2
DA:141,2
DA:143,2
DA:147,2
DA:148,2
DA:149,2
DA:168,1
DA:169,2
DA:170,1
DA:188,1
DA:189,1
DA:190,1
DA:191,1
DA:194,0
DA:195,0
DA:196,0
DA:197,0
DA:198,0
DA:201,0
DA:202,0
DA:204,0
DA:206,1
DA:207,0
DA:209,1
DA:224,1
DA:225,1
DA:226,0
DA:242,1
DA:243,1
DA:244,0
DA:258,1
DA:259,1
DA:260,0
DA:274,1
DA:275,2
DA:276,1
DA:289,1
DA:290,7
DA:291,6
DA:292,1
DA:293,1
DA:294,5
DA:295,5
DA:296,5
DA:308,1
DA:309,0
DA:320,1
DA:321,0
DA:334,1
DA:335,0
DA:336,0
DA:345,1
DA:346,0
DA:347,0
DA:361,1
DA:362,14
DA:364,5
DA:365,5
DA:367,5
DA:369,5
DA:371,5
DA:372,5
DA:373,5
DA:376,5
DA:377,0
DA:379,5
DA:381,5
DA:388,1
DA:389,6
DA:390,6
DA:391,0
DA:393,0
DA:394,0
DA:397,6
DA:400,1
DA:401,2
DA:402,2
DA:403,2
DA:404,2
DA:405,2
DA:406,2
DA:407,2
DA:408,2
DA:410,2
DA:411,2
DA:412,0
DA:413,2
DA:414,0
DA:418,2
DA:421,1
DA:422,2
DA:423,2
DA:424,2
DA:427,1
DA:428,2
DA:429,2
DA:432,2
DA:433,0
DA:434,0
DA:435,0
DA:438,2
DA:439,2
DA:441,0
DA:442,0
DA:443,0
DA:445,0
DA:449,0
DA:450,0
DA:451,0
DA:452,0
DA:453,0
DA:456,0
DA:457,0
DA:458,0
DA:460,0
DA:461,0
DA:463,0
DA:467,0
DA:468,0
DA:469,0
DA:473,1
DA:476,2
DA:477,2
DA:479,2
DA:481,2
DA:482,2
DA:485,2
DA:486,2
DA:489,2
DA:490,2
DA:491,0
DA:492,0
DA:493,0
DA:494,0
DA:495,0
DA:496,0
DA:499,0
DA:500,0
DA:501,0
DA:505,2
DA:506,0
DA:507,0
DA:508,0
DA:509,0
DA:510,0
DA:512,0
DA:513,0
DA:515,0
DA:516,0
DA:517,0
DA:519,0
DA:520,0
DA:521,0
DA:524,0
DA:525,0
DA:526,0
DA:528,0
DA:530,0
DA:531,0
DA:533,0
DA:535,0
DA:540,0
DA:541,0
DA:542,0
DA:547,2
DA:548,2
DA:549,2
DA:553,0
DA:557,1
DA:558,1
DA:561,1
DA:562,0
DA:563,0
DA:565,0
DA:569,1
DA:570,1
DA:573,1
DA:574,1
DA:575,1
DA:576,1
DA:577,1
DA:578,1
DA:579,1
DA:580,1
DA:581,1
DA:584,1
DA:585,1
DA:586,1
DA:590,0
DA:591,0
DA:592,0
DA:593,0
DA:597,0
DA:598,0
DA:599,0
DA:600,0
DA:601,0
DA:602,0
DA:603,0
DA:609,0
DA:610,0
DA:611,0
DA:612,0
DA:613,0
DA:614,0
DA:615,0
DA:617,0
DA:619,0
DA:621,0
DA:622,0
DA:623,0
DA:627,0
DA:630,0
DA:631,0
DA:632,0
DA:636,0
DA:637,0
DA:638,0
DA:639,0
DA:640,0
DA:641,0
DA:642,0
DA:644,0
DA:648,0
DA:649,0
DA:651,0
DA:654,0
DA:655,0
DA:658,0
DA:659,0
DA:660,0
DA:663,0
DA:664,0
DA:665,0
DA:668,0
DA:669,0
DA:670,0
DA:671,0
DA:672,0
DA:674,0
DA:677,0
DA:681,0
DA:682,0
DA:685,0
DA:686,0
DA:689,0
DA:690,0
DA:691,0
DA:692,0
DA:694,0
DA:698,1
DA:699,0
DA:701,0
DA:702,0
DA:703,0
DA:704,0
DA:705,0
DA:707,0
DA:708,0
DA:711,0
DA:713,0
DA:714,0
DA:715,0
DA:719,0
DA:720,0
DA:721,0
DA:723,0
DA:724,0
DA:728,0
DA:729,0
DA:730,0
DA:732,0
DA:733,0
DA:737,0
DA:738,0
DA:741,0
DA:744,1
DA:745,1
DA:747,1
DA:748,0
DA:749,0
DA:752,1
DA:753,0
DA:754,0
DA:755,0
DA:756,0
DA:757,0
DA:759,0
DA:765,1
DA:766,1
DA:767,0
DA:771,1
DA:772,0
DA:773,0
DA:776,0
DA:777,0
DA:778,0
DA:779,0
DA:780,0
DA:786,1
DA:788,1
DA:789,1
DA:790,1
DA:791,1
DA:794,0
DA:797,1
DA:798,1
DA:801,1
DA:802,0
DA:803,0
DA:807,14
DA:825,14
DA:826,14
DA:829,1
DA:830,1
DA:832,1
LF:357
LH:169
BRDA:39,1,0,0
BRDA:39,1,1,5
BRDA:39,2,0,5
BRDA:39,2,1,5
BRDA:84,3,0,14
BRDA:84,3,1,0
BRDA:112,4,0,16
BRDA:112,4,1,15
BRDA:112,5,0,31
BRDA:112,5,1,15
BRDA:112,5,2,15
BRDA:112,5,3,15
BRDA:134,6,0,1
BRDA:134,6,1,3
BRDA:148,7,0,2
BRDA:148,7,1,0
BRDA:148,8,0,2
BRDA:148,8,1,2
BRDA:191,9,0,0
BRDA:191,9,1,1
BRDA:196,10,0,0
BRDA:196,10,1,0
BRDA:206,11,0,0
BRDA:206,11,1,1
BRDA:209,12,0,0
BRDA:209,12,1,1
BRDA:291,13,0,1
BRDA:291,13,1,5
BRDA:294,14,0,5
BRDA:294,14,1,0
BRDA:346,15,0,0
BRDA:346,15,1,0
BRDA:371,16,0,5
BRDA:371,16,1,0
BRDA:390,17,0,0
BRDA:390,17,1,6
BRDA:393,18,0,0
BRDA:393,18,1,0
BRDA:394,19,0,0
BRDA:394,19,1,0
BRDA:404,20,0,0
BRDA:404,20,1,2
BRDA:404,21,0,2
BRDA:404,21,1,0
BRDA:404,21,2,0
BRDA:405,22,0,0
BRDA:405,22,1,2
BRDA:405,23,0,2
BRDA:405,23,1,0
BRDA:405,23,2,0
BRDA:407,24,0,0
BRDA:407,24,1,2
BRDA:407,25,0,2
BRDA:407,25,1,0
BRDA:408,26,0,0
BRDA:408,26,1,2
BRDA:408,27,0,2
BRDA:408,27,1,0
BRDA:408,28,0,2
BRDA:408,28,1,0
BRDA:411,29,0,0
BRDA:411,29,1,2
BRDA:413,30,0,0
BRDA:413,30,1,2
BRDA:423,31,0,0
BRDA:423,31,1,2
BRDA:423,32,0,2
BRDA:423,32,1,0
BRDA:433,33,0,0
BRDA:433,33,1,0
BRDA:433,34,0,0
BRDA:433,34,1,0
BRDA:433,34,2,0
BRDA:434,35,0,0
BRDA:434,35,1,0
BRDA:434,36,0,0
BRDA:434,36,1,0
BRDA:434,36,2,0
BRDA:439,37,0,0
BRDA:439,37,1,2
BRDA:442,38,0,0
BRDA:442,38,1,0
BRDA:451,39,0,0
BRDA:451,39,1,0
BRDA:452,40,0,0
BRDA:452,40,1,0
BRDA:458,41,0,0
BRDA:458,41,1,0
BRDA:461,42,0,0
BRDA:461,42,1,0
BRDA:473,43,0,0
BRDA:473,43,1,0
BRDA:476,44,0,2
BRDA:476,44,1,0
BRDA:492,45,0,0
BRDA:492,45,1,0
BRDA:495,46,0,0
BRDA:495,46,1,0
BRDA:508,47,0,0
BRDA:508,47,1,0
BRDA:509,48,0,0
BRDA:509,48,1,0
BRDA:516,49,0,0
BRDA:516,49,1,0
BRDA:516,50,0,0
BRDA:516,50,1,0
BRDA:516,50,2,0
BRDA:521,51,0,0
BRDA:521,51,1,0
BRDA:524,52,0,0
BRDA:524,52,1,0
BRDA:524,53,0,0
BRDA:524,53,1,0
BRDA:524,53,2,0
BRDA:528,54,0,0
BRDA:528,54,1,0
BRDA:531,55,0,0
BRDA:531,55,1,0
BRDA:541,56,0,0
BRDA:541,56,1,0
BRDA:562,57,0,0
BRDA:562,57,1,0
BRDA:575,58,0,0
BRDA:575,58,1,1
BRDA:579,59,0,0
BRDA:579,59,1,1
BRDA:584,60,0,1
BRDA:584,60,1,0
BRDA:584,61,0,1
BRDA:584,61,1,0
BRDA:590,62,0,0
BRDA:590,62,1,0
BRDA:597,63,0,0
BRDA:597,63,1,0
BRDA:599,64,0,0
BRDA:599,64,1,0
BRDA:610,65,0,0
BRDA:610,65,1,0
BRDA:610,66,0,0
BRDA:610,66,1,0
BRDA:612,67,0,0
BRDA:612,67,1,0
BRDA:612,68,0,0
BRDA:612,68,1,0
BRDA:614,69,0,0
BRDA:614,69,1,0
BRDA:614,70,0,0
BRDA:614,70,1,0
BRDA:617,71,0,0
BRDA:617,71,1,0
BRDA:617,72,0,0
BRDA:617,72,1,0
BRDA:617,72,2,0
BRDA:622,73,0,0
BRDA:622,73,1,0
BRDA:630,74,0,0
BRDA:630,74,1,0
BRDA:639,75,0,0
BRDA:639,75,1,0
BRDA:641,76,0,0
BRDA:641,76,1,0
BRDA:648,77,0,0
BRDA:648,77,1,0
BRDA:654,78,0,0
BRDA:654,78,1,0
BRDA:654,79,0,0
BRDA:654,79,1,0
BRDA:659,80,0,0
BRDA:659,80,1,0
BRDA:664,81,0,0
BRDA:664,81,1,0
BRDA:668,82,0,0
BRDA:668,82,1,0
BRDA:670,83,0,0
BRDA:670,83,1,0
BRDA:692,84,0,0
BRDA:692,84,1,0
BRDA:692,85,0,0
BRDA:692,85,1,0
BRDA:704,86,0,0
BRDA:704,86,1,0
BRDA:720,87,0,0
BRDA:720,87,1,0
BRDA:720,88,0,0
BRDA:720,88,1,0
BRDA:729,89,0,0
BRDA:729,89,1,0
BRDA:747,90,0,0
BRDA:747,90,1,1
BRDA:752,91,0,0
BRDA:752,91,1,1
BRDA:754,92,0,0
BRDA:754,92,1,0
BRDA:755,93,0,0
BRDA:755,93,1,0
BRDA:766,94,0,0
BRDA:766,94,1,1
BRDA:771,95,0,0
BRDA:771,95,1,1
BRDA:773,96,0,0
BRDA:773,96,1,0
BRDA:778,97,0,0
BRDA:778,97,1,0
BRDA:789,98,0,1
BRDA:789,98,1,0
BRDA:798,99,0,0
BRDA:798,99,1,1
BRDA:802,100,0,0
BRDA:802,100,1,0
BRF:209
BRH:51
end_of_record
TN:
SF:/home/pronaya/go/src/github.com/lucas-clemente/quic-go/example/ppd/server/dash.js/src/streaming/protection/CommonEncryption.js
FN:43,(anonymous_1)
FN:43,defineProperties
FN:43,(anonymous_3)
FN:47,_classCallCheck
FN:49,(anonymous_5)
FN:50,CommonEncryption
FN:65,findCencContentProtection
FN:82,getPSSHData
FN:111,getPSSHForKeySystem
FN:129,parseInitDataFromContentProtection
FN:147,parsePSSHList
FNF:11
FNH:7
FNDA:1,(anonymous_1)
FNDA:1,defineProperties
FNDA:1,(anonymous_3)
FNDA:0,_classCallCheck
FNDA:1,(anonymous_5)
FNDA:0,CommonEncryption
FNDA:0,findCencContentProtection
FNDA:0,getPSSHData
FNDA:1,getPSSHForKeySystem
FNDA:0,parseInitDataFromContentProtection
FNDA:1,parsePSSHList
DA:38,1
DA:43,5
DA:47,1
DA:49,1
DA:50,1
DA:51,0
DA:54,1
DA:66,0
DA:67,0
DA:68,0
DA:69,0
DA:71,0
DA:83,0
DA:84,0
DA:87,0
DA:89,0
DA:91,0
DA:92,0
DA:95,0
DA:96,0
DA:112,1
DA:113,1
DA:114,0
DA:116,1
DA:130,0
DA:131,0
DA:133,0
DA:149,1
DA:151,0
DA:152,0
DA:153,0
DA:156,0
DA:157,0
DA:159,0
DA:164,0
DA:166,0
DA:169,0
DA:170,0
DA:171,0
DA:174,0
DA:175,0
DA:176,0
DA:178,0
DA:181,0
DA:182,0
DA:183,0
DA:184,0
DA:186,0
DA:188,0
DA:191,0
DA:192,0
DA:194,0
DA:195,0
DA:196,0
DA:198,0
DA:199,0
DA:200,0
DA:201,0
DA:202,0
DA:204,0
DA:205,0
DA:206,0
DA:207,0
DA:208,0
DA:210,0
DA:211,0
DA:212,0
DA:213,0
DA:214,0
DA:216,0
DA:217,0
DA:218,0
DA:219,0
DA:220,0
DA:222,0
DA:224,0
DA:227,0
DA:228,0
DA:231,0
DA:232,0
DA:235,0
DA:239,1
DA:242,1
DA:243,1
LF:84
LH:13
BRDA:43,1,0,5
BRDA:43,1,1,5
BRDA:43,2,0,5
BRDA:43,2,1,0
BRDA:43,3,0,0
BRDA:43,3,1,1
BRDA:43,4,0,1
BRDA:43,4,1,0
BRDA:47,5,0,0
BRDA:47,5,1,0
BRDA:69,6,0,0
BRDA:69,6,1,0
BRDA:69,7,0,0
BRDA:69,7,1,0
BRDA:91,8,0,0
BRDA:91,8,1,0
BRDA:113,9,0,0
BRDA:113,9,1,1
BRDA:113,10,0,1
BRDA:113,10,1,0
BRDA:130,11,0,0
BRDA:130,11,1,0
BRDA:149,12,0,1
BRDA:149,12,1,0
BRDA:149,13,0,1
BRDA:149,13,1,1
BRDA:151,14,0,0
BRDA:151,14,1,0
BRDA:166,15,0,0
BRDA:166,15,1,0
BRDA:174,16,0,0
BRDA:174,16,1,0
BRDA:182,17,0,0
BRDA:182,17,1,0
BRDA:182,18,0,0
BRDA:182,18,1,0
BRDA:196,19,0,0
BRDA:196,19,1,0
BRDA:202,20,0,0
BRDA:202,20,1,0
BRDA:208,21,0,0
BRDA:208,21,1,0
BRDA:214,22,0,0
BRDA:214,22,1,0
BRDA:220,23,0,0
BRDA:220,23,1,0
BRF:46
BRH:15
end_of_record
TN:
SF:/home/pronaya/go/src/github.com/lucas-clemente/quic-go/example/ppd/server/dash.js/src/streaming/protection/vo/MediaCapability.js
FN:42,_classCallCheck
FN:51,MediaCapability
FNF:2
FNH:1
FNDA:0,_classCallCheck
FNDA:0,MediaCapability
DA:37,1
DA:42,1
DA:44,1
DA:52,0
DA:54,0
DA:55,0
DA:58,1
DA:59,1
LF:8
LH:5
BRDA:42,1,0,0
BRDA:42,1,1,0
BRF:2
BRH:2
end_of_record
TN:
SF:/home/pronaya/go/src/github.com/lucas-clemente/quic-go/example/ppd/server/dash.js/src/streaming/protection/vo/KeySystemConfiguration.js
FN:44,_classCallCheck
FN:62,KeySystemConfiguration
FNF:2
FNH:2
FNDA:2,_classCallCheck
FNDA:2,KeySystemConfiguration
DA:39,1
DA:44,2
DA:46,1
DA:63,2
DA:65,2
DA:66,2
DA:67,0
DA:69,2
DA:70,0
DA:72,2
DA:73,2
DA:74,2
DA:77,1
DA:78,1
LF:14
LH:12
BRDA:44,1,0,0
BRDA:44,1,1,2
BRDA:66,2,0,0
BRDA:66,2,1,2
BRDA:66,3,0,2
BRDA:66,3,1,2
BRDA:69,4,0,0
BRDA:69,4,1,2
BRDA:69,5,0,2
BRDA:69,5,1,2
BRF:10
BRH:8
end_of_record
TN:
SF:/home/pronaya/go/src/github.com/lucas-clemente/quic-go/example/ppd/server/dash.js/src/streaming/protection/drm/KeySystemPlayReady.js
FN:45,_interopRequireDefault
FN:61,KeySystemPlayReady
FN:68,checkConfig
FN:74,getRequestHeadersFromMessage
FN:104,getLicenseRequestFromMessage
FN:128,getLicenseServerURLFromInitData
FN:171,getInitData
FN:243,setPlayReadyMessageFormat
FN:254,init
FN:263,getCDMData
FN:299,getSessionId
FNF:11
FNH:11
FNDA:2,_interopRequireDefault
FNDA:13,KeySystemPlayReady
FNDA:7,checkConfig
FNDA:1,getRequestHeadersFromMessage
FNDA:2,getLicenseRequestFromMessage
FNDA:1,getLicenseServerURLFromInitData
FNDA:2,getInitData
FNDA:2,setPlayReadyMessageFormat
FNDA:1,init
FNDA:3,getCDMData
FNDA:1,getSessionId
DA:40,1
DA:45,2
DA:47,1
DA:49,1
DA:51,1
DA:53,1
DA:55,1
DA:56,1
DA:57,1
DA:58,1
DA:59,1
DA:61,1
DA:63,13
DA:64,13
DA:65,13
DA:66,13
DA:68,1
DA:69,7
DA:70,3
DA:74,1
DA:75,1
DA:77,1
DA:78,1
DA:79,1
DA:81,1
DA:82,1
DA:84,1
DA:85,1
DA:86,1
DA:87,0
DA:92,1
DA:93,0
DA:94,0
DA:98,1
DA:99,1
DA:101,1
DA:104,1
DA:105,2
DA:106,2
DA:107,2
DA:109,2
DA:110,1
DA:111,1
DA:113,1
DA:114,0
DA:115,0
DA:116,0
DA:122,1
DA:125,0
DA:128,1
DA:129,1
DA:130,0
DA:131,0
DA:132,0
DA:133,0
DA:135,0
DA:137,0
DA:138,0
DA:139,0
DA:140,0
DA:141,0
DA:142,0
DA:143,0
DA:146,0
DA:147,0
DA:148,0
DA:151,0
DA:152,0
DA:153,0
DA:154,0
DA:159,0
DA:160,0
DA:161,0
DA:162,0
DA:168,1
DA:171,1
DA:180,2
DA:181,2
DA:183,2
DA:184,2
DA:186,2
DA:192,2
DA:193,1
DA:194,1
DA:197,0
DA:198,0
DA:201,0
DA:202,0
DA:203,0
DA:204,0
DA:206,0
DA:209,0
DA:210,0
DA:212,0
DA:214,0
DA:215,0
DA:217,0
DA:218,0
DA:220,0
DA:221,0
DA:223,0
DA:224,0
DA:226,0
DA:227,0
DA:229,0
DA:230,0
DA:232,0
DA:243,1
DA:244,2
DA:245,1
DA:247,1
DA:254,1
DA:255,1
DA:256,1
DA:263,1
DA:264,3
DA:269,3
DA:270,2
DA:272,1
DA:273,1
DA:274,192
DA:275,192
DA:277,1
DA:280,1
DA:284,1
DA:287,1
DA:288,1
DA:289,698
DA:290,698
DA:293,1
DA:296,1
DA:299,1
DA:301,1
DA:302,0
DA:303,1
DA:304,0
DA:306,1
DA:309,13
DA:323,13
DA:326,1
DA:327,1
DA:329,1
LF:142
LH:87
BRDA:45,1,0,0
BRDA:45,1,1,2
BRDA:45,2,0,2
BRDA:45,2,1,2
BRDA:63,3,0,13
BRDA:63,3,1,4
BRDA:69,4,0,3
BRDA:69,4,1,4
BRDA:69,5,0,7
BRDA:69,5,1,4
BRDA:69,5,2,4
BRDA:79,6,0,1
BRDA:79,6,1,0
BRDA:92,7,0,0
BRDA:92,7,1,1
BRDA:98,8,0,1
BRDA:98,8,1,0
BRDA:107,9,0,2
BRDA:107,9,1,0
BRDA:113,10,0,0
BRDA:113,10,1,1
BRDA:115,11,0,0
BRDA:115,11,1,0
BRDA:129,12,0,0
BRDA:129,12,1,1
BRDA:141,13,0,0
BRDA:141,13,1,0
BRDA:151,14,0,0
BRDA:151,14,1,0
BRDA:153,15,0,0
BRDA:153,15,1,0
BRDA:159,16,0,0
BRDA:159,16,1,0
BRDA:161,17,0,0
BRDA:161,17,1,0
BRDA:193,18,0,1
BRDA:193,18,1,0
BRDA:197,19,0,0
BRDA:197,19,1,0
BRDA:201,20,0,0
BRDA:201,20,1,0
BRDA:203,21,0,0
BRDA:203,21,1,0
BRDA:244,22,0,1
BRDA:244,22,1,1
BRDA:244,23,0,2
BRDA:244,23,1,1
BRDA:255,24,0,1
BRDA:255,24,1,0
BRDA:270,25,0,1
BRDA:270,25,1,1
BRDA:270,26,0,2
BRDA:270,26,1,1
BRDA:301,27,0,0
BRDA:301,27,1,1
BRDA:301,28,0,1
BRDA:301,28,1,0
BRDA:303,29,0,0
BRDA:303,29,1,1
BRDA:303,30,0,1
BRDA:303,30,1,0
BRF:61
BRH:31
end_of_record
TN:
SF:/home/pronaya/go/src/github.com/lucas-clemente/quic-go/example/ppd/server/dash.js/src/streaming/constants/ProtectionConstants.js
FN:44,(anonymous_1)
FN:44,defineProperties
FN:44,(anonymous_3)
FN:48,_classCallCheck
FN:50,(anonymous_5)
FN:53,init
FN:60,ProtectionConstants
FNF:7
FNH:7
FNDA:1,(anonymous_1)
FNDA:1,defineProperties
FNDA:1,(anonymous_3)
FNDA:1,_classCallCheck
FNDA:1,(anonymous_5)
FNDA:1,init
FNDA:1,ProtectionConstants
DA:39,1
DA:44,1
DA:48,1
DA:50,1
DA:51,1
DA:54,1
DA:55,1
DA:56,1
DA:60,1
DA:61,1
DA:63,1
DA:66,1
DA:69,1
DA:70,1
DA:71,1
LF:15
LH:15
BRDA:44,1,0,1
BRDA:44,1,1,1
BRDA:44,2,0,1
BRDA:44,2,1,0
BRDA:44,3,0,1
BRDA:44,3,1,0
BRDA:44,4,0,0
BRDA:44,4,1,1
BRDA:48,5,0,0
BRDA:48,5,1,1
BRF:10
BRH:10
end_of_record
TN:
SF:/home/pronaya/go/src/github.com/lucas-clemente/quic-go/example/ppd/server/dash.js/src/streaming/protection/drm/KeySystemW3CClearKey.js
FN:39,_interopRequireDefault
FN:61,KeySystemW3CClearKey
FN:75,getClearKeysFromProtectionData
FN:98,getInitData
FN:102,getRequestHeadersFromMessage
FN:106,getLicenseRequestFromMessage
FN:110,getLicenseServerURLFromInitData
FN:114,getCDMData
FN:118,getSessionId
FNF:9
FNH:4
FNDA:4,_interopRequireDefault
FNDA:3,KeySystemW3CClearKey
FNDA:2,getClearKeysFromProtectionData
FNDA:0,getInitData
FNDA:0,getRequestHeadersFromMessage
FNDA:0,getLicenseRequestFromMessage
FNDA:0,getLicenseServerURLFromInitData
FNDA:1,getCDMData
FNDA:0,getSessionId
DA:34,1
DA:39,4
DA:41,1
DA:43,1
DA:45,1
DA:47,1
DA:49,1
DA:51,1
DA:53,1
DA:55,1
DA:57,1
DA:58,1
DA:59,1
DA:61,1
DA:62,3
DA:63,3
DA:64,3
DA:75,1
DA:76,2
DA:77,2
DA:80,2
DA:81,2
DA:82,2
DA:83,2
DA:84,2
DA:85,2
DA:86,0
DA:89,2
DA:91,2
DA:93,2
DA:95,2
DA:98,1
DA:99,0
DA:102,1
DA:103,0
DA:106,1
DA:107,0
DA:110,1
DA:111,0
DA:114,1
DA:115,1
DA:118,1
DA:119,0
DA:122,3
DA:135,3
DA:138,1
DA:139,1
DA:141,1
LF:48
LH:42
BRDA:39,1,0,0
BRDA:39,1,1,4
BRDA:39,2,0,4
BRDA:39,2,1,4
BRDA:77,3,0,2
BRDA:77,3,1,0
BRDA:84,4,0,2
BRDA:84,4,1,0
BRDA:84,5,0,2
BRDA:84,5,1,2
BRDA:85,6,0,0
BRDA:85,6,1,2
BRF:12
BRH:9
end_of_record
TN:
SF:/home/pronaya/go/src/github.com/lucas-clemente/quic-go/example/ppd/server/dash.js/src/streaming/protection/vo/KeyPair.js
FN:42,_classCallCheck
FN:51,KeyPair
FNF:2
FNH:2
FNDA:2,_classCallCheck
FNDA:2,KeyPair
DA:37,1
DA:42,2
DA:44,1
DA:52,2
DA:54,2
DA:55,2
DA:58,1
DA:59,1
LF:8
LH:8
BRDA:42,1,0,0
BRDA:42,1,1,2
BRF:2
BRH:2
end_of_record
TN:
SF:/home/pronaya/go/src/github.com/lucas-clemente/quic-go/example/ppd/server/dash.js/src/streaming/protection/vo/ClearKeyKeySet.js
FN:44,(anonymous_1)
FN:44,defineProperties
FN:44,(anonymous_3)
FN:48,_classCallCheck
FN:50,(anonymous_5)
FN:59,ClearKeyKeySet
FN:75,toJWK
FNF:7
FNH:6
FNDA:1,(anonymous_1)
FNDA:1,defineProperties
FNDA:1,(anonymous_3)
FNDA:2,_classCallCheck
FNDA:1,(anonymous_5)
FNDA:2,ClearKeyKeySet
FNDA:0,toJWK
DA:39,1
DA:44,1
DA:48,2
DA:50,1
DA:59,1
DA:60,2
DA:62,2
DA:63,2
DA:64,2
DA:73,1
DA:76,0
DA:77,0
DA:78,0
DA:80,0
DA:81,0
DA:87,0
DA:89,0
DA:90,0
DA:92,0
DA:93,0
DA:96,0
DA:97,0
DA:98,0
DA:99,0
DA:103,1
DA:106,1
DA:107,1
LF:27
LH:13
BRDA:44,1,0,1
BRDA:44,1,1,1
BRDA:44,2,0,1
BRDA:44,2,1,0
BRDA:44,3,0,1
BRDA:44,3,1,0
BRDA:44,4,0,0
BRDA:44,4,1,1
BRDA:48,5,0,0
BRDA:48,5,1,2
BRDA:62,6,0,0
BRDA:62,6,1,2
BRDA:62,7,0,2
BRDA:62,7,1,0
BRDA:62,7,2,0
BRDA:89,8,0,0
BRDA:89,8,1,0
BRF:17
BRH:12
end_of_record
TN:
SF:/home/pronaya/go/src/github.com/lucas-clemente/quic-go/example/ppd/server/dash.js/src/streaming/protection/servers/DRMToday.js
FN:46,_interopRequireDefault
FN:52,DRMToday
FN:60,getLicenseMessage
FN:63,getErrorResponse
FN:69,getLicenseMessage
FN:72,getErrorResponse
FN:79,checkConfig
FN:85,getServerURLFromMessage
FN:89,getHTTPMethod
FN:93,getResponseType
FN:97,getLicenseMessage
FN:102,getErrorResponse
FNF:12
FNH:4
FNDA:1,_interopRequireDefault
FNDA:1,DRMToday
FNDA:0,getLicenseMessage
FNDA:0,getErrorResponse
FNDA:0,getLicenseMessage
FNDA:0,getErrorResponse
FNDA:2,checkConfig
FNDA:0,getServerURLFromMessage
FNDA:0,getHTTPMethod
FNDA:0,getResponseType
FNDA:2,getLicenseMessage
FNDA:0,getErrorResponse
DA:41,1
DA:46,1
DA:48,1
DA:50,1
DA:52,1
DA:54,1
DA:55,1
DA:57,1
DA:58,1
DA:61,0
DA:64,0
DA:67,1
DA:70,0
DA:73,0
DA:77,1
DA:79,1
DA:80,2
DA:81,2
DA:85,1
DA:86,0
DA:89,1
DA:90,0
DA:93,1
DA:94,0
DA:97,1
DA:98,2
DA:99,0
DA:102,1
DA:103,0
DA:106,1
DA:114,1
DA:117,1
DA:118,1
DA:120,1
LF:34
LH:25
BRDA:46,1,0,0
BRDA:46,1,1,1
BRDA:46,2,0,1
BRDA:46,2,1,1
BRDA:54,3,0,1
BRDA:54,3,1,1
BRDA:80,4,0,2
BRDA:80,4,1,0
BRDA:80,5,0,2
BRDA:80,5,1,0
BRF:10
BRH:8
end_of_record
TN:
SF:/home/pronaya/go/src/github.com/lucas-clemente/quic-go/example/ppd/server/dash.js/src/streaming/protection/servers/PlayReady.js
FN:49,PlayReady
FN:55,uintToString
FN:61,parseServerResponse
FN:77,parseErrorResponse
FN:121,getServerURLFromMessage
FN:125,getHTTPMethod
FN:129,getResponseType
FN:133,getLicenseMessage
FN:137,getErrorResponse
FNF:9
FNH:6
FNDA:1,PlayReady
FNDA:3,uintToString
FNDA:2,parseServerResponse
FNDA:1,parseErrorResponse
FNDA:0,getServerURLFromMessage
FNDA:0,getHTTPMethod
FNDA:0,getResponseType
FNDA:2,getLicenseMessage
FNDA:1,getErrorResponse
DA:46,1
DA:49,1
DA:51,1
DA:53,1
DA:55,1
DA:56,3
DA:57,3
DA:58,3
DA:61,1
DA:62,2
DA:63,2
DA:64,2
DA:65,2
DA:66,2
DA:67,2
DA:68,2
DA:70,2
DA:71,0
DA:74,2
DA:77,1
DA:78,1
DA:79,1
DA:80,1
DA:81,1
DA:82,1
DA:84,1
DA:85,1
DA:86,1
DA:87,1
DA:88,1
DA:89,1
DA:90,1
DA:91,1
DA:92,1
DA:93,1
DA:95,1
DA:96,0
DA:99,1
DA:100,1
DA:102,1
DA:103,1
DA:104,1
DA:105,1
DA:106,1
DA:107,1
DA:108,1
DA:109,1
DA:113,1
DA:114,1
DA:115,1
DA:118,1
DA:121,1
DA:122,0
DA:125,1
DA:126,0
DA:129,1
DA:130,0
DA:133,1
DA:134,2
DA:137,1
DA:138,1
DA:141,1
DA:149,1
DA:152,1
DA:153,1
DA:155,1
LF:66
LH:61
BRDA:62,1,0,2
BRDA:62,1,1,0
BRDA:66,2,0,2
BRDA:66,2,1,0
BRDA:67,3,0,1
BRDA:67,3,1,1
BRDA:68,4,0,1
BRDA:68,4,1,1
BRDA:70,5,0,0
BRDA:70,5,1,2
BRDA:84,6,0,1
BRDA:84,6,1,0
BRDA:88,7,0,1
BRDA:88,7,1,0
BRDA:89,8,0,1
BRDA:89,8,1,0
BRDA:90,9,0,1
BRDA:90,9,1,0
BRDA:91,10,0,1
BRDA:91,10,1,0
BRDA:92,11,0,1
BRDA:92,11,1,0
BRDA:95,12,0,0
BRDA:95,12,1,1
BRDA:100,13,0,1
BRDA:100,13,1,0
BRDA:102,14,0,1
BRDA:102,14,1,0
BRDA:104,15,0,1
BRDA:104,15,1,0
BRDA:106,16,0,1
BRDA:106,16,1,0
BRDA:107,17,0,1
BRDA:107,17,1,0
BRDA:108,18,0,1
BRDA:108,18,1,0
BRDA:109,19,0,1
BRDA:109,19,1,0
BRDA:114,20,0,1
BRDA:114,20,1,0
BRF:40
BRH:22
end_of_record
